{
  "seleniumLog": [
    {
      "commandName": "i_start_the_application_by_the_name",
      "args": [
        "[Fifth Third]"
      ],
      "result": "success",
      "subLogs": [],
      "duration": -1
    },
    {
      "commandName": "testForAppiumDriver",
      "args": [
        "[]"
      ],
      "result": "success",
      "subLogs": [],
      "duration": -1
    },
    {
      "commandName": "i_enter_and",
      "args": [
        "[PerfectoMOBTest, Test@1234]"
      ],
      "result": "fail",
      "subLogs": [],
      "duration": -1
    },
    {
      "commandName": "And I click on login button",
      "args": [
        "[]"
      ],
      "result": "Not Run",
      "subLogs": [],
      "duration": -1
    },
    {
      "commandName": "Then I get an error message \"Test Error1\"",
      "args": [
        "[Test Error1]"
      ],
      "result": "Not Run",
      "subLogs": [],
      "duration": -1
    }
  ],
  "checkPoints": [
    {
      "message": "Given I start the application by the name \"Fifth Third\"",
      "type": "TestStepPass",
      "duration": 5935,
      "threshold": 0,
      "subCheckPoints": []
    },
    {
      "message": "And I am using an AppiumDriver",
      "type": "TestStepPass",
      "duration": 0,
      "threshold": 0,
      "subCheckPoints": []
    },
    {
      "message": "When I enter \"PerfectoMOBTest\" and \"Test@1234\"",
      "type": "TestStepFail",
      "screenshot": "img/ValidatingInvalidUserNameAndPasswordErrorMessage_m9tde427lucy49865.png",
      "duration": 60492,
      "threshold": 0,
      "subCheckPoints": [
        {
          "message": "Element with by xpath '//AppiumAUT/XCUIElementTypeApplication[1]/XCUIElementTypeWindow[1]/XCUIElementTypeOther[1]/XCUIElementTypeOther[2]/XCUIElementTypeOther[2]/XCUIElementTypeButton[1]' wasn't found.\nFor documentation on this error, please visit: http://seleniumhq.org/exceptions/no_such_element.html\nBuild info: version: '3.6.0', revision: '6fbf3ec767', time: '2017-09-27T15:28:36.4Z'\nSystem info: host: 'ba1ffa30e57b', ip: '172.18.0.4', os.name: 'Linux', os.arch: 'amd64', os.version: '4.4.0-47-generic', java.version: '1.8.0_131'\nDriver info: driver.version: EventFiringWebDriver\nCommand duration or timeout: 60.48 seconds\nFor documentation on this error, please visit: http://seleniumhq.org/exceptions/no_such_element.html\nBuild info: version: '2.53.1', revision: 'a36b8b1cd5757287168e54b817830adce9b0158d', time: '2016-06-30 19:26:09'\nSystem info: host: 'Bingo', ip: '192.168.1.4', os.name: 'Mac OS X', os.arch: 'x86_64', os.version: '10.13.6', java.version: '1.8.0_60'\nDriver info: io.appium.java_client.ios.IOSDriver\nCapabilities [{reportPdfUrl=https://fifththird.reporting.perfectomobile.com/export/api/v1/test-executions/pdf?externalId[0]=dinesh.venkataraman@internal.53.com_RemoteWebDriver_18-07-26_10_13_52_838&_timestamp[0]=1532600032644, simpleIsVisibleCheck=true, available=false, language=English, deviceName=6CEDD7EA68F5F5211728B0554694B223BB4F86ED, deviceId=6CEDD7EA68F5F5211728B0554694B223BB4F86ED, resolution=1242x2208, mode=CONNECTED, password=, cradleId=BOS-E2-F1-5/VIRTUAL/05, deviceSessionId=dinesh.venkataraman@internal.53.com_RemoteWebDriver_18-07-26_10_13_52_838, driverClass=io.appium.java_client.ios.IOSDriver, automationName=Appium, host=fifththird.perfectomobile.com, javascriptEnabled=true, model=iPhone-8 Plus, rotatable=true, entityType=remote_web_driver, serverHost=1.5.43.22:11605, executionId=dinesh.venkataraman@internal.53.com_RemoteWebDriver_18-07-26_10_13_52_838, webdriver.remote.sessionid=db7a2735-11b0-4432-93e1-6543f3acb7f9, scriptName=RemoteWebDriver, operabilityRatingScore=100, cssSelectorsEnabled=true, status=Connected, bundleid=com.clairmail.fth.client, platform=ANY, wifiMacAddress=68:ef:43:e0:b5:f8, manufacturer=Apple, osVersion=11.4, platformVersion=11.4, singleTestReportUrl=https://fifththird.reporting.perfectomobile.com/library?externalId[0]=dinesh.venkataraman@internal.53.com_RemoteWebDriver_18-07-26_10_13_52_838&_timestamp[0]=1532600032644, inUse=true, takesScreenshot=true, platformName=iOS, firmware=11.4, applicationName=Fifth Third, testGridReportUrl=https://fifththird.reporting.perfectomobile.com/library?externalId[0]=dinesh.venkataraman@internal.53.com_RemoteWebDriver_18-07-26_10_13_52_838&_timestamp[0]=1532600032644, os=iOS, xcuitestFindOptimizations=true, allocatedTo=dinesh.venkataraman@internal.53.com, bundleId=com.apple.mobilesafari, serverConnector=, securityToken=, locationContextEnabled=true, location=NA-US-BOS, linkType=lab, reportKey=dinesh.venkataraman@internal.53.com_RemoteWebDriver_18-07-26_10_13_52_838, windTunnelReportUrl=https://fifththird.reporting.perfectomobile.com/library?externalId[0]=dinesh.venkataraman@internal.53.com_RemoteWebDriver_18-07-26_10_13_52_838&_timestamp[0]=1532600032644, user=}]\nSession ID: db7a2735-11b0-4432-93e1-6543f3acb7f9\n*** Element info: {Using=xpath, value=//AppiumAUT/XCUIElementTypeApplication[1]/XCUIElementTypeWindow[1]/XCUIElementTypeOther[1]/XCUIElementTypeOther[2]/XCUIElementTypeOther[2]/XCUIElementTypeButton[1]}",
          "type": "Fail",
          "duration": 0,
          "threshold": 0,
          "subCheckPoints": []
        }
      ]
    },
    {
      "message": "And I click on login button",
      "type": "TestStep",
      "duration": 0,
      "threshold": 0,
      "subCheckPoints": []
    },
    {
      "message": "Then I get an error message \"Test Error1\"",
      "type": "TestStep",
      "duration": 0,
      "threshold": 0,
      "subCheckPoints": []
    }
  ],
  "errorTrace": "org.openqa.selenium.NoSuchElementException: Element with by xpath '//AppiumAUT/XCUIElementTypeApplication[1]/XCUIElementTypeWindow[1]/XCUIElementTypeOther[1]/XCUIElementTypeOther[2]/XCUIElementTypeOther[2]/XCUIElementTypeButton[1]' wasn't found.\nFor documentation on this error, please visit: http://seleniumhq.org/exceptions/no_such_element.html\nBuild info: version: '3.6.0', revision: '6fbf3ec767', time: '2017-09-27T15:28:36.4Z'\nSystem info: host: 'ba1ffa30e57b', ip: '172.18.0.4', os.name: 'Linux', os.arch: 'amd64', os.version: '4.4.0-47-generic', java.version: '1.8.0_131'\nDriver info: driver.version: EventFiringWebDriver\nCommand duration or timeout: 60.48 seconds\nFor documentation on this error, please visit: http://seleniumhq.org/exceptions/no_such_element.html\nBuild info: version: '2.53.1', revision: 'a36b8b1cd5757287168e54b817830adce9b0158d', time: '2016-06-30 19:26:09'\nSystem info: host: 'Bingo', ip: '192.168.1.4', os.name: 'Mac OS X', os.arch: 'x86_64', os.version: '10.13.6', java.version: '1.8.0_60'\nDriver info: io.appium.java_client.ios.IOSDriver\nCapabilities [{reportPdfUrl=https://fifththird.reporting.perfectomobile.com/export/api/v1/test-executions/pdf?externalId[0]=dinesh.venkataraman@internal.53.com_RemoteWebDriver_18-07-26_10_13_52_838&_timestamp[0]=1532600032644, simpleIsVisibleCheck=true, available=false, language=English, deviceName=6CEDD7EA68F5F5211728B0554694B223BB4F86ED, deviceId=6CEDD7EA68F5F5211728B0554694B223BB4F86ED, resolution=1242x2208, mode=CONNECTED, password=, cradleId=BOS-E2-F1-5/VIRTUAL/05, deviceSessionId=dinesh.venkataraman@internal.53.com_RemoteWebDriver_18-07-26_10_13_52_838, driverClass=io.appium.java_client.ios.IOSDriver, automationName=Appium, host=fifththird.perfectomobile.com, javascriptEnabled=true, model=iPhone-8 Plus, rotatable=true, entityType=remote_web_driver, serverHost=1.5.43.22:11605, executionId=dinesh.venkataraman@internal.53.com_RemoteWebDriver_18-07-26_10_13_52_838, webdriver.remote.sessionid=db7a2735-11b0-4432-93e1-6543f3acb7f9, scriptName=RemoteWebDriver, operabilityRatingScore=100, cssSelectorsEnabled=true, status=Connected, bundleid=com.clairmail.fth.client, platform=ANY, wifiMacAddress=68:ef:43:e0:b5:f8, manufacturer=Apple, osVersion=11.4, platformVersion=11.4, singleTestReportUrl=https://fifththird.reporting.perfectomobile.com/library?externalId[0]=dinesh.venkataraman@internal.53.com_RemoteWebDriver_18-07-26_10_13_52_838&_timestamp[0]=1532600032644, inUse=true, takesScreenshot=true, platformName=iOS, firmware=11.4, applicationName=Fifth Third, testGridReportUrl=https://fifththird.reporting.perfectomobile.com/library?externalId[0]=dinesh.venkataraman@internal.53.com_RemoteWebDriver_18-07-26_10_13_52_838&_timestamp[0]=1532600032644, os=iOS, xcuitestFindOptimizations=true, allocatedTo=dinesh.venkataraman@internal.53.com, bundleId=com.apple.mobilesafari, serverConnector=, securityToken=, locationContextEnabled=true, location=NA-US-BOS, linkType=lab, reportKey=dinesh.venkataraman@internal.53.com_RemoteWebDriver_18-07-26_10_13_52_838, windTunnelReportUrl=https://fifththird.reporting.perfectomobile.com/library?externalId[0]=dinesh.venkataraman@internal.53.com_RemoteWebDriver_18-07-26_10_13_52_838&_timestamp[0]=1532600032644, user=}]\nSession ID: db7a2735-11b0-4432-93e1-6543f3acb7f9\n*** Element info: {Using=xpath, value=//AppiumAUT/XCUIElementTypeApplication[1]/XCUIElementTypeWindow[1]/XCUIElementTypeOther[1]/XCUIElementTypeOther[2]/XCUIElementTypeOther[2]/XCUIElementTypeButton[1]}\n\tat .When I enter \"PerfectoMOBTest\" and \"Test@1234\"(src/main/resources/scenarios/fifththirdLogin.feature:8)\n\tat org.openqa.selenium.remote.ErrorHandler.createThrowable(ErrorHandler.java:206)\n\tat org.openqa.selenium.remote.ErrorHandler.throwIfResponseFailed(ErrorHandler.java:158)\n\tat org.openqa.selenium.remote.RemoteWebDriver.execute(RemoteWebDriver.java:678)\n\tat io.appium.java_client.DefaultGenericMobileDriver.execute(DefaultGenericMobileDriver.java:40)\n\tat io.appium.java_client.AppiumDriver.execute(AppiumDriver.java:1)\n\tat io.appium.java_client.ios.IOSDriver.execute(IOSDriver.java:1)\n\tat org.openqa.selenium.remote.RemoteWebDriver.findElement(RemoteWebDriver.java:363)\n\tat io.appium.java_client.DefaultGenericMobileDriver.findElement(DefaultGenericMobileDriver.java:56)\n\tat io.appium.java_client.AppiumDriver.findElement(AppiumDriver.java:1)\n\tat io.appium.java_client.ios.IOSDriver.findElement(IOSDriver.java:1)\n\tat org.openqa.selenium.remote.RemoteWebDriver.findElementByXPath(RemoteWebDriver.java:500)\n\tat io.appium.java_client.DefaultGenericMobileDriver.findElementByXPath(DefaultGenericMobileDriver.java:134)\n\tat io.appium.java_client.AppiumDriver.findElementByXPath(AppiumDriver.java:1)\n\tat io.appium.java_client.ios.IOSDriver.findElementByXPath(IOSDriver.java:1)\n\tat org.openqa.selenium.By$ByXPath.findElement(By.java:361)\n\tat org.openqa.selenium.remote.RemoteWebDriver.findElement(RemoteWebDriver.java:355)\n\tat io.appium.java_client.DefaultGenericMobileDriver.findElement(DefaultGenericMobileDriver.java:52)\n\tat io.appium.java_client.AppiumDriver.findElement(AppiumDriver.java:1)\n\tat io.appium.java_client.ios.IOSDriver.findElement(IOSDriver.java:1)\n\tat com.quantum.steps.FifththirdLoginDefs.i_enter_and(FifththirdLoginDefs.java:65)\n\tat com.qmetry.qaf.automation.step.JavaStep.doExecute(JavaStep.java:159)\n\tat com.qmetry.qaf.automation.step.BaseTestStep.execute(BaseTestStep.java:149)\n\tat com.qmetry.qaf.automation.step.StringTestStep.execute(StringTestStep.java:134)\n\tat com.qmetry.qaf.automation.step.client.Scenario.execute(Scenario.java:173)\n\tat com.qmetry.qaf.automation.step.client.Scenario.scenario(Scenario.java:225)\n\tat java.util.concurrent.FutureTask.run(FutureTask.java:266)\n\tat java.util.concurrent.ThreadPoolExecutor.runWorker(ThreadPoolExecutor.java:1142)\n\tat java.util.concurrent.ThreadPoolExecutor$Worker.run(ThreadPoolExecutor.java:617)\n\tat java.lang.Thread.run(Thread.java:745)\nCaused by: org.openqa.selenium.NoSuchElementException: Element with by xpath '//AppiumAUT/XCUIElementTypeApplication[1]/XCUIElementTypeWindow[1]/XCUIElementTypeOther[1]/XCUIElementTypeOther[2]/XCUIElementTypeOther[2]/XCUIElementTypeButton[1]' wasn't found.\nFor documentation on this error, please visit: http://seleniumhq.org/exceptions/no_such_element.html\nBuild info: version: '3.6.0', revision: '6fbf3ec767', time: '2017-09-27T15:28:36.4Z'\nSystem info: host: 'ba1ffa30e57b', ip: '172.18.0.4', os.name: 'Linux', os.arch: 'amd64', os.version: '4.4.0-47-generic', java.version: '1.8.0_131'\nDriver info: driver.version: EventFiringWebDriver\nFor documentation on this error, please visit: http://seleniumhq.org/exceptions/no_such_element.html\nBuild info: version: '2.53.1', revision: 'a36b8b1cd5757287168e54b817830adce9b0158d', time: '2016-06-30 19:26:09'\nSystem info: host: 'Bingo', ip: '192.168.1.4', os.name: 'Mac OS X', os.arch: 'x86_64', os.version: '10.13.6', java.version: '1.8.0_60'\nDriver info: driver.version: EventFiringWebDriver\n\tat com.perfectomobile.selenium.MobileApplication.getSingleElement(MobileApplication.java:337)\n\tat com.perfectomobile.selenium.MobileApplication.findElementByXPath(MobileApplication.java:193)\n\tat org.openqa.selenium.By$ByXPath.findElement(By.java:361)\n\tat com.perfectomobile.selenium.MobileApplication.findElement(MobileApplication.java:132)\n\tat com.perfectomobile.selenium.server.PerfectoMobileDriver.findElement(PerfectoMobileDriver.java:850)\n\tat sun.reflect.GeneratedMethodAccessor2557.invoke(Unknown Source)\n\tat sun.reflect.DelegatingMethodAccessorImpl.invoke(DelegatingMethodAccessorImpl.java:43)\n\tat java.lang.reflect.Method.invoke(Method.java:498)\n\tat org.openqa.selenium.support.events.EventFiringWebDriver$2.invoke(EventFiringWebDriver.java:109)\n\tat com.sun.proxy.$Proxy286.findElement(Unknown Source)\n\tat org.openqa.selenium.support.events.EventFiringWebDriver.findElement(EventFiringWebDriver.java:193)\n\tat org.openqa.selenium.remote.server.handler.FindElement.call(FindElement.java:48)\n\tat org.openqa.selenium.remote.server.handler.FindElement.call(FindElement.java:33)\n\tat org.openqa.selenium.remote.server.handler.WebDriverHandler.handle(WebDriverHandler.java:41)\n\tat org.openqa.selenium.remote.server.rest.ResultConfig.handle(ResultConfig.java:112)\n\tat org.openqa.selenium.remote.server.JsonHttpCommandHandler.handleRequest(JsonHttpCommandHandler.java:192)\n\tat org.openqa.selenium.remote.server.MobileDriverServlet.lambda$handleRequest$0(MobileDriverServlet.java:465)\n\tat java.util.concurrent.Executors$RunnableAdapter.call(Executors.java:511)\n\tat java.util.concurrent.FutureTask.run(FutureTask.java:266)\n\tat java.util.concurrent.ThreadPoolExecutor.runWorker(ThreadPoolExecutor.java:1142)\n\tat java.util.concurrent.ThreadPoolExecutor$Worker.run(ThreadPoolExecutor.java:617)\n\tat java.lang.Thread.run(Thread.java:748)\n"
}