<!DOCTYPE html>

<html>
  <head>
  <meta charset='utf-8'>
  <title>TestNG reports</title>

    <link type="text/css" href="testng-reports.css" rel="stylesheet" />  
    <script type="text/javascript" src="jquery-1.7.1.min.js"></script>
    <script type="text/javascript" src="testng-reports.js"></script>
    <script type="text/javascript" src="https://www.google.com/jsapi"></script>
    <script type='text/javascript'>
      google.load('visualization', '1', {packages:['table']});
      google.setOnLoadCallback(drawTable);
      var suiteTableInitFunctions = new Array();
      var suiteTableData = new Array();
    </script>
    <!--
      <script type="text/javascript" src="jquery-ui/js/jquery-ui-1.8.16.custom.min.js"></script>
     -->
  </head>

  <body>
    <div class="top-banner-root">
      <span class="top-banner-title-font">Test results</span>
      <br/>
      <span class="top-banner-font-1">1 suite, 1 failed test</span>
    </div> <!-- top-banner-root -->
    <div class="navigator-root">
      <div class="navigator-suite-header">
        <span>All suites</span>
        <a href="#" class="collapse-all-link" title="Collapse/expand all the suites">
          <img class="collapse-all-icon" src="collapseall.gif">
          </img> <!-- collapse-all-icon -->
        </a> <!-- collapse-all-link -->
      </div> <!-- navigator-suite-header -->
      <div class="suite">
        <div class="rounded-window">
          <div class="suite-header light-rounded-window-top">
            <a href="#" class="navigator-link" panel-name="suite-Appium_Demo_Suite">
              <span class="suite-name border-failed">Appium Demo Suite</span>
            </a> <!-- navigator-link -->
          </div> <!-- suite-header light-rounded-window-top -->
          <div class="navigator-suite-content">
            <div class="suite-section-title">
              <span>Info</span>
            </div> <!-- suite-section-title -->
            <div class="suite-section-content">
              <ul>
                <li>
                  <a href="#" class="navigator-link " panel-name="test-xml-Appium_Demo_Suite">
                    <span>testng_appium.xml</span>
                  </a> <!-- navigator-link  -->
                </li>
                <li>
                  <a href="#" class="navigator-link " panel-name="testlist-Appium_Demo_Suite">
                    <span class="test-stats">1 test</span>
                  </a> <!-- navigator-link  -->
                </li>
                <li>
                  <a href="#" class="navigator-link " panel-name="group-Appium_Demo_Suite">
                    <span>1 group</span>
                  </a> <!-- navigator-link  -->
                </li>
                <li>
                  <a href="#" class="navigator-link " panel-name="times-Appium_Demo_Suite">
                    <span>Times</span>
                  </a> <!-- navigator-link  -->
                </li>
                <li>
                  <a href="#" class="navigator-link " panel-name="reporter-Appium_Demo_Suite">
                    <span>Reporter output</span>
                  </a> <!-- navigator-link  -->
                </li>
                <li>
                  <a href="#" class="navigator-link " panel-name="ignored-methods-Appium_Demo_Suite">
                    <span>Ignored methods</span>
                  </a> <!-- navigator-link  -->
                </li>
                <li>
                  <a href="#" class="navigator-link " panel-name="chronological-Appium_Demo_Suite">
                    <span>Chronological view</span>
                  </a> <!-- navigator-link  -->
                </li>
              </ul>
            </div> <!-- suite-section-content -->
            <div class="result-section">
              <div class="suite-section-title">
                <span>Results</span>
              </div> <!-- suite-section-title -->
              <div class="suite-section-content">
                <ul>
                  <li>
                    <span class="method-stats">1 method, 1 failed,   </span>
                  </li>
                  <li>
                    <span class="method-list-title failed">Failed methods</span>
                    <span class="show-or-hide-methods failed">
                      <a href="#" panel-name="suite-Appium_Demo_Suite" class="hide-methods failed suite-Appium_Demo_Suite"> (hide)</a> <!-- hide-methods failed suite-Appium_Demo_Suite -->
                      <a href="#" panel-name="suite-Appium_Demo_Suite" class="show-methods failed suite-Appium_Demo_Suite"> (show)</a> <!-- show-methods failed suite-Appium_Demo_Suite -->
                    </span>
                    <div class="method-list-content failed suite-Appium_Demo_Suite">
                      <span>
                        <img width="3%" src="failed.png"/>
                        <a href="#" class="method navigator-link" panel-name="suite-Appium_Demo_Suite" title="com.qmetry.qaf.automation.step.client.Scenario" hash-for-method="Validating invalid user name and password error message">Validating invalid user name and password error message</a> <!-- method navigator-link -->
                      </span>
                      <br/>
                    </div> <!-- method-list-content failed suite-Appium_Demo_Suite -->
                  </li>
                </ul>
              </div> <!-- suite-section-content -->
            </div> <!-- result-section -->
          </div> <!-- navigator-suite-content -->
        </div> <!-- rounded-window -->
      </div> <!-- suite -->
    </div> <!-- navigator-root -->
    <div class="wrapper">
      <div class="main-panel-root">
        <div panel-name="suite-Appium_Demo_Suite" class="panel Appium_Demo_Suite">
          <div class="suite-Appium_Demo_Suite-class-failed">
            <div class="main-panel-header rounded-window-top">
              <img src="failed.png"/>
              <span class="class-name">com.qmetry.qaf.automation.step.client.Scenario</span>
            </div> <!-- main-panel-header rounded-window-top -->
            <div class="main-panel-content rounded-window-bottom">
              <div class="method">
                <div class="method-content">
                  <a name="Validating invalid user name and password error message">
                  </a> <!-- Validating invalid user name and password error message -->
                  <span class="method-name">Validating invalid user name and password error message</span>
                  <div class="stack-trace">org.openqa.selenium.TimeoutException: Timed out after 15 seconds waiting for presence of element located by: By.xpath: //AppiumAUT/XCUIElementTypeApplication[1]/XCUIElementTypeWindow[1]/XCUIElementTypeOther[1]/XCUIElementTypeOther[2]/XCUIElementTypeOther[2]/XCUIElementTypeTextField[1]
Build info: version: &apos;2.53.1&apos;, revision: &apos;a36b8b1cd5757287168e54b817830adce9b0158d&apos;, time: &apos;2016-06-30 19:26:09&apos;
System info: host: &apos;Bingo&apos;, ip: &apos;192.168.1.4&apos;, os.name: &apos;Mac OS X&apos;, os.arch: &apos;x86_64&apos;, os.version: &apos;10.13.6&apos;, java.version: &apos;1.8.0_60&apos;
Driver info: driver.version: QAFExtendedWebDriver
	at .When I enter &quot;PerfectoMOBTest&quot; and &quot;Test@1234&quot;(src/main/resources/scenarios/fifththirdLogin.feature:7)
	at org.openqa.selenium.support.ui.FluentWait.timeoutException(FluentWait.java:292)
	at org.openqa.selenium.support.ui.FluentWait.until(FluentWait.java:261)
	at com.qmetry.qaf.automation.ui.webdriver.QAFExtendedWebDriver.load(QAFExtendedWebDriver.java:216)
	at com.qmetry.qaf.automation.ui.webdriver.QAFExtendedWebElement.load(QAFExtendedWebElement.java:299)
	at com.qmetry.qaf.automation.ui.webdriver.QAFExtendedWebElement.execute(QAFExtendedWebElement.java:250)
	at org.openqa.selenium.remote.RemoteWebElement.click(RemoteWebElement.java:85)
	at com.quantum.steps.FifththirdLoginDefs.i_enter_and(FifththirdLoginDefs.java:64)
	at com.qmetry.qaf.automation.step.JavaStep.doExecute(JavaStep.java:159)
	at com.qmetry.qaf.automation.step.BaseTestStep.execute(BaseTestStep.java:149)
	at com.qmetry.qaf.automation.step.StringTestStep.execute(StringTestStep.java:134)
	at com.qmetry.qaf.automation.step.client.Scenario.execute(Scenario.java:173)
	at com.qmetry.qaf.automation.step.client.Scenario.scenario(Scenario.java:225)
	at java.util.concurrent.FutureTask.run(FutureTask.java:266)
	at java.util.concurrent.ThreadPoolExecutor.runWorker(ThreadPoolExecutor.java:1142)
	at java.util.concurrent.ThreadPoolExecutor$Worker.run(ThreadPoolExecutor.java:617)
	at java.lang.Thread.run(Thread.java:745)
Caused by: org.openqa.selenium.NoSuchElementException: Element with by xpath &apos;//AppiumAUT/XCUIElementTypeApplication[1]/XCUIElementTypeWindow[1]/XCUIElementTypeOther[1]/XCUIElementTypeOther[2]/XCUIElementTypeOther[2]/XCUIElementTypeTextField[1]&apos; wasn&apos;t found.
For documentation on this error, please visit: http://seleniumhq.org/exceptions/no_such_element.html
Build info: version: &apos;3.6.0&apos;, revision: &apos;6fbf3ec767&apos;, time: &apos;2017-09-27T15:28:36.4Z&apos;
System info: host: &apos;ba1ffa30e57b&apos;, ip: &apos;172.18.0.4&apos;, os.name: &apos;Linux&apos;, os.arch: &apos;amd64&apos;, os.version: &apos;4.4.0-47-generic&apos;, java.version: &apos;1.8.0_131&apos;
Driver info: driver.version: EventFiringWebDriver
Command duration or timeout: 61.33 seconds
For documentation on this error, please visit: http://seleniumhq.org/exceptions/no_such_element.html
Build info: version: &apos;2.53.1&apos;, revision: &apos;a36b8b1cd5757287168e54b817830adce9b0158d&apos;, time: &apos;2016-06-30 19:26:09&apos;
System info: host: &apos;Bingo&apos;, ip: &apos;192.168.1.4&apos;, os.name: &apos;Mac OS X&apos;, os.arch: &apos;x86_64&apos;, os.version: &apos;10.13.6&apos;, java.version: &apos;1.8.0_60&apos;
Driver info: com.qmetry.qaf.automation.ui.webdriver.QAFExtendedWebDriver
Capabilities [{reportPdfUrl=https://fifththird.reporting.perfectomobile.com/export/api/v1/test-executions/pdf?externalId[0]=gopinath.nagarajan@internal.53.com_RemoteWebDriver_18-07-25_11_07_55_426&amp;_timestamp[0]=1532516875532, simpleIsVisibleCheck=true, available=false, language=English, deviceName=6CEDD7EA68F5F5211728B0554694B223BB4F86ED, deviceId=6CEDD7EA68F5F5211728B0554694B223BB4F86ED, resolution=1242x2208, mode=CONNECTED, password=, cradleId=BOS-E2-F1-5/VIRTUAL/05, deviceSessionId=gopinath.nagarajan@internal.53.com_RemoteWebDriver_18-07-25_11_07_55_426, driverClass=io.appium.java_client.ios.IOSDriver, automationName=Appium, host=fifththird.perfectomobile.com, browserName=MobileOS, javascriptEnabled=true, model=iPhone-8 Plus, rotatable=true, entityType=remote_web_driver, serverHost=1.5.43.22:11605, executionId=gopinath.nagarajan@internal.53.com_RemoteWebDriver_18-07-25_11_07_55_426, webdriver.remote.sessionid=040d94da-b9de-4457-b3e2-75dc19e19ddc, scriptName=RemoteWebDriver, operabilityRatingScore=100, cssSelectorsEnabled=true, status=Connected, bundleid=com.clairmail.fth.client, platform=ANY, wifiMacAddress=68:ef:43:e0:b5:f8, manufacturer=Apple, osVersion=11.4, singleTestReportUrl=https://fifththird.reporting.perfectomobile.com/library?externalId[0]=gopinath.nagarajan@internal.53.com_RemoteWebDriver_18-07-25_11_07_55_426&amp;_timestamp[0]=1532516875532, inUse=true, takesScreenshot=true, platformName=iOS, firmware=11.4, applicationName=Fifth Third, testGridReportUrl=https://fifththird.reporting.perfectomobile.com/library?externalId[0]=gopinath.nagarajan@internal.53.com_RemoteWebDriver_18-07-25_11_07_55_426&amp;_timestamp[0]=1532516875532, os=iOS, xcuitestFindOptimizations=true, allocatedTo=gopinath.nagarajan@internal.53.com, bundleId=com.apple.mobilesafari, serverConnector=, securityToken=, locationContextEnabled=true, location=NA-US-BOS, linkType=lab, reportKey=gopinath.nagarajan@internal.53.com_RemoteWebDriver_18-07-25_11_07_55_426, windTunnelReportUrl=https://fifththird.reporting.perfectomobile.com/library?externalId[0]=gopinath.nagarajan@internal.53.com_RemoteWebDriver_18-07-25_11_07_55_426&amp;_timestamp[0]=1532516875532, user=}]
Session ID: 040d94da-b9de-4457-b3e2-75dc19e19ddc
*** Element info: {Using=xpath, value=//AppiumAUT/XCUIElementTypeApplication[1]/XCUIElementTypeWindow[1]/XCUIElementTypeOther[1]/XCUIElementTypeOther[2]/XCUIElementTypeOther[2]/XCUIElementTypeTextField[1]}
	at org.openqa.selenium.remote.ErrorHandler.createThrowable(ErrorHandler.java:206)
	at org.openqa.selenium.remote.ErrorHandler.throwIfResponseFailed(ErrorHandler.java:158)
	at org.openqa.selenium.remote.RemoteWebDriver.execute(RemoteWebDriver.java:678)
	at com.qmetry.qaf.automation.ui.webdriver.QAFExtendedWebDriver.execute(QAFExtendedWebDriver.java:236)
	at org.openqa.selenium.remote.RemoteWebDriver.findElement(RemoteWebDriver.java:363)
	at org.openqa.selenium.remote.RemoteWebDriver.findElementByXPath(RemoteWebDriver.java:500)
	at com.qmetry.qaf.automation.ui.webdriver.QAFExtendedWebDriver.findElementByXPath(QAFExtendedWebDriver.java:400)
	at com.qmetry.qaf.automation.ui.webdriver.QAFExtendedWebDriver.findElementByXPath(QAFExtendedWebDriver.java:1)
	at org.openqa.selenium.By$ByXPath.findElement(By.java:361)
	at org.openqa.selenium.remote.RemoteWebDriver.findElement(RemoteWebDriver.java:355)
	at com.qmetry.qaf.automation.ui.webdriver.QAFExtendedWebDriver.findElement(QAFExtendedWebDriver.java:171)
	at com.qmetry.qaf.automation.ui.webdriver.QAFExtendedWebDriver.findElement(QAFExtendedWebDriver.java:1)
	at org.openqa.selenium.support.ui.ExpectedConditions.findElement(ExpectedConditions.java:899)
	at org.openqa.selenium.support.ui.ExpectedConditions.access$000(ExpectedConditions.java:41)
	at org.openqa.selenium.support.ui.ExpectedConditions$6.apply(ExpectedConditions.java:181)
	at org.openqa.selenium.support.ui.ExpectedConditions$6.apply(ExpectedConditions.java:178)
	at org.openqa.selenium.support.ui.FluentWait.until(FluentWait.java:238)
	at com.qmetry.qaf.automation.ui.webdriver.QAFExtendedWebDriver.load(QAFExtendedWebDriver.java:216)
	at com.qmetry.qaf.automation.ui.webdriver.QAFExtendedWebElement.load(QAFExtendedWebElement.java:299)
	at com.qmetry.qaf.automation.ui.webdriver.QAFExtendedWebElement.execute(QAFExtendedWebElement.java:250)
	at org.openqa.selenium.remote.RemoteWebElement.click(RemoteWebElement.java:85)
	at com.quantum.steps.FifththirdLoginDefs.i_enter_and(FifththirdLoginDefs.java:64)
	at com.qmetry.qaf.automation.step.JavaStep.doExecute(JavaStep.java:159)
	at com.qmetry.qaf.automation.step.BaseTestStep.execute(BaseTestStep.java:149)
	at com.qmetry.qaf.automation.step.StringTestStep.execute(StringTestStep.java:134)
	at com.qmetry.qaf.automation.step.client.Scenario.execute(Scenario.java:173)
	at com.qmetry.qaf.automation.step.client.Scenario.scenario(Scenario.java:225)
	... 4 more
Caused by: org.openqa.selenium.NoSuchElementException: Element with by xpath &apos;//AppiumAUT/XCUIElementTypeApplication[1]/XCUIElementTypeWindow[1]/XCUIElementTypeOther[1]/XCUIElementTypeOther[2]/XCUIElementTypeOther[2]/XCUIElementTypeTextField[1]&apos; wasn&apos;t found.
For documentation on this error, please visit: http://seleniumhq.org/exceptions/no_such_element.html
Build info: version: &apos;3.6.0&apos;, revision: &apos;6fbf3ec767&apos;, time: &apos;2017-09-27T15:28:36.4Z&apos;
System info: host: &apos;ba1ffa30e57b&apos;, ip: &apos;172.18.0.4&apos;, os.name: &apos;Linux&apos;, os.arch: &apos;amd64&apos;, os.version: &apos;4.4.0-47-generic&apos;, java.version: &apos;1.8.0_131&apos;
Driver info: driver.version: EventFiringWebDriver
For documentation on this error, please visit: http://seleniumhq.org/exceptions/no_such_element.html
Build info: version: &apos;2.53.1&apos;, revision: &apos;a36b8b1cd5757287168e54b817830adce9b0158d&apos;, time: &apos;2016-06-30 19:26:09&apos;
System info: host: &apos;Bingo&apos;, ip: &apos;192.168.1.4&apos;, os.name: &apos;Mac OS X&apos;, os.arch: &apos;x86_64&apos;, os.version: &apos;10.13.6&apos;, java.version: &apos;1.8.0_60&apos;
Driver info: driver.version: EventFiringWebDriver
	at com.perfectomobile.selenium.MobileApplication.getSingleElement(MobileApplication.java:337)
	at com.perfectomobile.selenium.MobileApplication.findElementByXPath(MobileApplication.java:193)
	at org.openqa.selenium.By$ByXPath.findElement(By.java:361)
	at com.perfectomobile.selenium.MobileApplication.findElement(MobileApplication.java:132)
	at com.perfectomobile.selenium.server.PerfectoMobileDriver.findElement(PerfectoMobileDriver.java:850)
	at org.openqa.selenium.support.events.EventFiringWebDriver$2.invoke(EventFiringWebDriver.java:109)
	at com.sun.proxy.$Proxy286.findElement(Unknown Source)
	at org.openqa.selenium.support.events.EventFiringWebDriver.findElement(EventFiringWebDriver.java:193)
	at org.openqa.selenium.remote.server.handler.FindElement.call(FindElement.java:48)
	at org.openqa.selenium.remote.server.handler.FindElement.call(FindElement.java:33)
	at org.openqa.selenium.remote.server.handler.WebDriverHandler.handle(WebDriverHandler.java:41)
	at org.openqa.selenium.remote.server.rest.ResultConfig.handle(ResultConfig.java:112)
	at org.openqa.selenium.remote.server.JsonHttpCommandHandler.handleRequest(JsonHttpCommandHandler.java:192)
	at org.openqa.selenium.remote.server.MobileDriverServlet.lambda$handleRequest$0(MobileDriverServlet.java:465)
	at java.util.concurrent.Executors$RunnableAdapter.call(Executors.java:511)
	at java.util.concurrent.FutureTask.run(FutureTask.java:266)
	at java.util.concurrent.ThreadPoolExecutor.runWorker(ThreadPoolExecutor.java:1142)
	at java.util.concurrent.ThreadPoolExecutor$Worker.run(ThreadPoolExecutor.java:617)
	at java.lang.Thread.run(Thread.java:748)
... Removed 27 stack frames
</div> <!-- stack-trace -->
                </div> <!-- method-content -->
              </div> <!-- method -->
            </div> <!-- main-panel-content rounded-window-bottom -->
          </div> <!-- suite-Appium_Demo_Suite-class-failed -->
        </div> <!-- panel Appium_Demo_Suite -->
        <div panel-name="test-xml-Appium_Demo_Suite" class="panel">
          <div class="main-panel-header rounded-window-top">
            <span class="header-content">/Users/dineshbalajivenkataraman/Documents/New/workspace/Dinesh/perfectodemo/src/main/resources/config/testng_appium.xml</span>
          </div> <!-- main-panel-header rounded-window-top -->
          <div class="main-panel-content rounded-window-bottom">
            <pre>
&lt;?xml version=&quot;1.0&quot; encoding=&quot;UTF-8&quot;?&gt;
&lt;!DOCTYPE suite SYSTEM &quot;http://testng.org/testng-1.0.dtd&quot;&gt;
&lt;suite guice-stage=&quot;DEVELOPMENT&quot; verbose=&quot;0&quot; name=&quot;Appium Demo Suite&quot; parallel=&quot;tests&quot;&gt;
  &lt;parameter name=&quot;driver.name&quot; value=&quot;perfectoDriver&quot;/&gt;
  &lt;listeners&gt;
    &lt;listener class-name=&quot;com.quantum.listeners.QuantumReportiumListener&quot;/&gt;
  &lt;/listeners&gt;
  &lt;test name=&quot;IOS Calc Test&quot;&gt;
    &lt;parameter name=&quot;env.resources&quot; value=&quot;src/main/resources/ios&quot;/&gt;
    &lt;parameter name=&quot;driver.capabilities.model&quot; value=&quot;iPhone.*&quot;/&gt;
    &lt;groups&gt;
      &lt;run&gt;
        &lt;include name=&quot;@smoke&quot;/&gt;
      &lt;/run&gt;
    &lt;/groups&gt;
    &lt;classes&gt;
      &lt;class name=&quot;com.qmetry.qaf.automation.step.client.gherkin.GherkinScenarioFactory&quot;/&gt;
    &lt;/classes&gt;
  &lt;/test&gt; &lt;!-- IOS Calc Test --&gt;
&lt;/suite&gt; &lt;!-- Appium Demo Suite --&gt;
            </pre>
          </div> <!-- main-panel-content rounded-window-bottom -->
        </div> <!-- panel -->
        <div panel-name="testlist-Appium_Demo_Suite" class="panel">
          <div class="main-panel-header rounded-window-top">
            <span class="header-content">Tests for Appium Demo Suite</span>
          </div> <!-- main-panel-header rounded-window-top -->
          <div class="main-panel-content rounded-window-bottom">
            <ul>
              <li>
                <span class="test-name">IOS Calc Test (1 class)</span>
              </li>
            </ul>
          </div> <!-- main-panel-content rounded-window-bottom -->
        </div> <!-- panel -->
        <div panel-name="group-Appium_Demo_Suite" class="panel">
          <div class="main-panel-header rounded-window-top">
            <span class="header-content">Groups for Appium Demo Suite</span>
          </div> <!-- main-panel-header rounded-window-top -->
          <div class="main-panel-content rounded-window-bottom">
            <div class="test-group">
              <span class="test-group-name">@smoke</span>
              <br/>
              <div class="method-in-group">
                <span class="method-in-group-name">Validating invalid user name and password error message</span>
                <br/>
              </div> <!-- method-in-group -->
            </div> <!-- test-group -->
          </div> <!-- main-panel-content rounded-window-bottom -->
        </div> <!-- panel -->
        <div panel-name="times-Appium_Demo_Suite" class="panel">
          <div class="main-panel-header rounded-window-top">
            <span class="header-content">Times for Appium Demo Suite</span>
          </div> <!-- main-panel-header rounded-window-top -->
          <div class="main-panel-content rounded-window-bottom">
            <div class="times-div">
              <script type="text/javascript">
suiteTableInitFunctions.push('tableData_Appium_Demo_Suite');
function tableData_Appium_Demo_Suite() {
var data = new google.visualization.DataTable();
data.addColumn('number', 'Number');
data.addColumn('string', 'Method');
data.addColumn('string', 'Class');
data.addColumn('number', 'Time (ms)');
data.addRows(1);
data.setCell(0, 0, 0)
data.setCell(0, 1, 'Validating invalid user name and password error message')
data.setCell(0, 2, 'com.qmetry.qaf.automation.step.client.Scenario')
data.setCell(0, 3, 103525);
window.suiteTableData['Appium_Demo_Suite']= { tableData: data, tableDiv: 'times-div-Appium_Demo_Suite'}
return data;
}
              </script>
              <span class="suite-total-time">Total running time: 1 minutes</span>
              <div id="times-div-Appium_Demo_Suite">
              </div> <!-- times-div-Appium_Demo_Suite -->
            </div> <!-- times-div -->
          </div> <!-- main-panel-content rounded-window-bottom -->
        </div> <!-- panel -->
        <div panel-name="reporter-Appium_Demo_Suite" class="panel">
          <div class="main-panel-header rounded-window-top">
            <span class="header-content">Reporter output for Appium Demo Suite</span>
          </div> <!-- main-panel-header rounded-window-top -->
          <div class="main-panel-content rounded-window-bottom">
            <div class="reporter-method-div">
              <span class="reporter-method-name">Validating invalid user name and password error message</span>
              <div class="reporter-method-output-div">
                <span class="reporter-method-output">▀▄▀▄▀ DEVICE PROPERTIES: Capabilities [{reportPdfUrl=https://fifththird.reporting.perfectomobile.com/export/api/v1/test-executions/pdf?externalId[0]=gopinath.nagarajan@internal.53.com_RemoteWebDriver_18-07-25_11_07_55_426&_timestamp[0]=1532516875532, simpleIsVisibleCheck=true, available=false, language=English, deviceName=6CEDD7EA68F5F5211728B0554694B223BB4F86ED, deviceId=6CEDD7EA68F5F5211728B0554694B223BB4F86ED, resolution=1242x2208, mode=CONNECTED, password=, cradleId=BOS-E2-F1-5/VIRTUAL/05, deviceSessionId=gopinath.nagarajan@internal.53.com_RemoteWebDriver_18-07-25_11_07_55_426, driverClass=io.appium.java_client.ios.IOSDriver, automationName=Appium, host=fifththird.perfectomobile.com, browserName=MobileOS, javascriptEnabled=true, model=iPhone-8 Plus, rotatable=true, entityType=remote_web_driver, serverHost=1.5.43.22:11605, executionId=gopinath.nagarajan@internal.53.com_RemoteWebDriver_18-07-25_11_07_55_426, webdriver.remote.sessionid=040d94da-b9de-4457-b3e2-75dc19e19ddc, scriptName=RemoteWebDriver, operabilityRatingScore=100, cssSelectorsEnabled=true, status=Connected, bundleid=com.clairmail.fth.client, platform=ANY, wifiMacAddress=68:ef:43:e0:b5:f8, manufacturer=Apple, osVersion=11.4, singleTestReportUrl=https://fifththird.reporting.perfectomobile.com/library?externalId[0]=gopinath.nagarajan@internal.53.com_RemoteWebDriver_18-07-25_11_07_55_426&_timestamp[0]=1532516875532, inUse=true, takesScreenshot=true, platformName=iOS, firmware=11.4, applicationName=Fifth Third, testGridReportUrl=https://fifththird.reporting.perfectomobile.com/library?externalId[0]=gopinath.nagarajan@internal.53.com_RemoteWebDriver_18-07-25_11_07_55_426&_timestamp[0]=1532516875532, os=iOS, xcuitestFindOptimizations=true, allocatedTo=gopinath.nagarajan@internal.53.com, bundleId=com.apple.mobilesafari, serverConnector=, securityToken=, locationContextEnabled=true, location=NA-US-BOS, linkType=lab, reportKey=gopinath.nagarajan@internal.53.com_RemoteWebDriver_18-07-25_11_07_55_426, windTunnelReportUrl=https://fifththird.reporting.perfectomobile.com/library?externalId[0]=gopinath.nagarajan@internal.53.com_RemoteWebDriver_18-07-25_11_07_55_426&_timestamp[0]=1532516875532, user=}] ▀▄▀▄▀</span>
                <span class="reporter-method-output">█▀▀▀▀▀▀▀▀▀▀▀▀▀▀▀▀▀▀▀▀▀▀▀▀▀▀▀▀▀▀▀▀▀▀▀▀▀▀▀▀▀▀▀▀▀▀▀▀▀▀▀▀▀▀▀▀▀▀▀▀▀▀▀▀▀▀▀▀▀▀▀█</span>
                <span class="reporter-method-output">█ TEST STARTED: Validating invalid user name and password error message █</span>
                <span class="reporter-method-output">█▄▄▄▄▄▄▄▄▄▄▄▄▄▄▄▄▄▄▄▄▄▄▄▄▄▄▄▄▄▄▄▄▄▄▄▄▄▄▄▄▄▄▄▄▄▄▄▄▄▄▄▄▄▄▄▄▄▄▄▄▄▄▄▄▄▄▄▄▄▄▄█</span>
                <span class="reporter-method-output">▄ ▄ ▄ BEGIN STEP: Given I start the application by the name "Fifth Third" ▄ ▄ ▄</span>
                <span class="reporter-method-output">▀ ▀ ▀ END STEP: Given I start the application by the name "Fifth Third" ▀ ▀ ▀</span>
                <span class="reporter-method-output">▄ ▄ ▄ BEGIN STEP: When I enter "PerfectoMOBTest" and "Test@1234" ▄ ▄ ▄</span>
                <span class="reporter-method-output">▀ ▀ ▀ END STEP: When I enter "PerfectoMOBTest" and "Test@1234" ▀ ▀ ▀</span>
                <span class="reporter-method-output">▀▄▀▄▀ REPORTIUM URL: https://fifththird.reporting.perfectomobile.com/library?externalId%5B0%5D=gopinath.nagarajan@internal.53.com_RemoteWebDriver_18-07-25_11_07_55_426&_timestamp%5B0%5D=1532516875532 ▀▄▀▄▀</span>
                <span class="reporter-method-output">█▀▀▀▀▀▀▀▀▀▀▀▀▀▀▀▀▀▀▀▀▀▀▀▀▀▀▀▀▀▀▀▀▀▀▀▀▀▀▀▀▀▀▀▀▀▀▀▀▀▀▀▀▀▀▀▀▀▀▀▀▀▀▀▀▀▀▀▀▀▀█</span>
                <span class="reporter-method-output">█ TEST FAILED: Validating invalid user name and password error message █</span>
                <span class="reporter-method-output">█▄▄▄▄▄▄▄▄▄▄▄▄▄▄▄▄▄▄▄▄▄▄▄▄▄▄▄▄▄▄▄▄▄▄▄▄▄▄▄▄▄▄▄▄▄▄▄▄▄▄▄▄▄▄▄▄▄▄▄▄▄▄▄▄▄▄▄▄▄▄█</span>
                <span class="reporter-method-output"><div style="display:block;margin-left:10px;"><div  class="teststeppass"><span class="teststeppass-label">T </span>Given I start the application by the name "Fifth Third"</div><div  class="teststepfail"><span class="teststepfail-label">T </span>When I enter "PerfectoMOBTest" and "Test@1234" <a href="img/ValidatingInvalidUserNameAndPasswordErrorMessage_1en9hvus1ukwt12658.png" target="_blank">[View Screenshot]</a> </div><div style="display:block;margin-left:10px;"><div  class="fail"><span class="fail-label">F </span>Timed out after 15 seconds waiting for presence of element located by: By.xpath: //AppiumAUT/XCUIElementTypeApplication[1]/XCUIElementTypeWindow[1]/XCUIElementTypeOther[1]/XCUIElementTypeOther[2]/XCUIElementTypeOther[2]/XCUIElementTypeTextField[1]
Build info: version: '2.53.1', revision: 'a36b8b1cd5757287168e54b817830adce9b0158d', time: '2016-06-30 19:26:09'
System info: host: 'Bingo', ip: '192.168.1.4', os.name: 'Mac OS X', os.arch: 'x86_64', os.version: '10.13.6', java.version: '1.8.0_60'
Driver info: driver.version: QAFExtendedWebDriver</div></div><div  class="teststep"><span class="teststep-label">T </span>And I click on login button</div><div  class="teststep"><span class="teststep-label">T </span>Then I get an error message "Test Error1"</div></div></span>
              </div> <!-- reporter-method-output-div -->
            </div> <!-- reporter-method-div -->
          </div> <!-- main-panel-content rounded-window-bottom -->
        </div> <!-- panel -->
        <div panel-name="ignored-methods-Appium_Demo_Suite" class="panel">
          <div class="main-panel-header rounded-window-top">
            <span class="header-content">0 ignored methods</span>
          </div> <!-- main-panel-header rounded-window-top -->
          <div class="main-panel-content rounded-window-bottom">
          </div> <!-- main-panel-content rounded-window-bottom -->
        </div> <!-- panel -->
        <div panel-name="chronological-Appium_Demo_Suite" class="panel">
          <div class="main-panel-header rounded-window-top">
            <span class="header-content">Methods in chronological order</span>
          </div> <!-- main-panel-header rounded-window-top -->
          <div class="main-panel-content rounded-window-bottom">
            <div class="chronological-class">
              <div class="chronological-class-name">com.qmetry.qaf.automation.step.client.Scenario</div> <!-- chronological-class-name -->
              <div class="configuration-suite before">
                <span class="method-name">setupSuit(org.testng.TestRunner@3d34d211)</span>
                <span class="method-start">0 ms</span>
              </div> <!-- configuration-suite before -->
              <div class="configuration-test before">
                <span class="method-name">setupTest(org.testng.TestRunner@3d34d211)</span>
                <span class="method-start">24 ms</span>
              </div> <!-- configuration-test before -->
              <div class="configuration-class before">
                <span class="method-name">setup(org.testng.TestRunner@3d34d211)</span>
                <span class="method-start">35 ms</span>
              </div> <!-- configuration-class before -->
              <div class="configuration-method before">
                <span class="method-name">setupMethod(public void com.qmetry.qaf.automation.step.client.Scenario.scenario(), org.testng.TestRunner@3d34d21...)</span>
                <span class="method-start">42 ms</span>
              </div> <!-- configuration-method before -->
              <div class="test-method">
                <img src="failed.png">
                </img>
                <span class="method-name">Validating invalid user name and password error message</span>
                <span class="method-start">42 ms</span>
              </div> <!-- test-method -->
              <div class="configuration-method after">
                <span class="method-name">afterMethod(org.testng.TestRunner@3d34d211, [TestResult name=Validating invalid user name and password error mes...)</span>
                <span class="method-start">107260 ms</span>
              </div> <!-- configuration-method after -->
              <div class="configuration-class after">
                <span class="method-name">afterClass(org.testng.TestRunner@3d34d211)</span>
                <span class="method-start">107261 ms</span>
              </div> <!-- configuration-class after -->
              <div class="configuration-test after">
                <span class="method-name">afterTest(org.testng.TestRunner@3d34d211)</span>
                <span class="method-start">107262 ms</span>
              </div> <!-- configuration-test after -->
          </div> <!-- main-panel-content rounded-window-bottom -->
        </div> <!-- panel -->
      </div> <!-- main-panel-root -->
    </div> <!-- wrapper -->
  </body>
</html>
