<?xml version="1.0" encoding="UTF-8"?>
<!-- Generated by org.testng.reporters.JUnitReportReporter -->
<testsuite name="com.quantum.steps.mobileTesting" tests="2" time="18.236" ignored="0" failures="0" timestamp="26 Jul 2018 04:10:48 GMT" skipped="0" hostname="Bingo" errors="1">
  <testcase name="enterUsernamePassword" time="17.559" classname="com.quantum.steps.mobileTesting">
    <error type="org.openqa.selenium.NoSuchElementException" message="Element with by xpath &#039;//device/view/group[1]/group[1]/group[1]/group[1]/group[1]/group[1]/view[1]/group[1]/group[1]/group[1]/group[2]/textfield[1]&#039; wasn&#039;t found.
For documentation on this error, please visit: http://seleniumhq.org/exceptions/no_such_element.html
Build info: version: &#039;3.6.0&#039;, revision: &#039;6fbf3ec767&#039;, time: &#039;2017-09-27T15:28:36.4Z&#039;
System info: host: &#039;ba1ffa30e57b&#039;, ip: &#039;172.18.0.4&#039;, os.name: &#039;Linux&#039;, os.arch: &#039;amd64&#039;, os.version: &#039;4.4.0-47-generic&#039;, java.version: &#039;1.8.0_131&#039;
Driver info: driver.version: EventFiringWebDriver
Command duration or timeout: 16.35 seconds
For documentation on this error, please visit: http://seleniumhq.org/exceptions/no_such_element.html
Build info: version: &#039;2.53.1&#039;, revision: &#039;a36b8b1cd5757287168e54b817830adce9b0158d&#039;, time: &#039;2016-06-30 19:26:09&#039;
System info: host: &#039;Bingo&#039;, ip: &#039;192.168.1.4&#039;, os.name: &#039;Mac OS X&#039;, os.arch: &#039;x86_64&#039;, os.version: &#039;10.13.6&#039;, java.version: &#039;1.8.0_60&#039;
Driver info: io.appium.java_client.android.AndroidDriver
Capabilities [{reportPdfUrl=https://fifththird.reporting.perfectomobile.com/export/api/v1/test-executions/pdf?externalId[0]=dinesh.venkataraman@internal.53.com_RemoteWebDriver_18-07-26_04_10_14_693&amp;_timestamp[0]=1532578214534, deviceName=CE6C01B2, platform=ANY, manufacturer=Samsung, password=, deviceSessionId=dinesh.venkataraman@internal.53.com_RemoteWebDriver_18-07-26_04_10_14_693, platformVersion=7.0, host=fifththird.perfectomobile.com, singleTestReportUrl=https://fifththird.reporting.perfectomobile.com/library?externalId[0]=dinesh.venkataraman@internal.53.com_RemoteWebDriver_18-07-26_04_10_14_693&amp;_timestamp[0]=1532578214534, takesScreenshot=true, model=Galaxy S7, javascriptEnabled=true, platformName=Android, rotatable=true, testGridReportUrl=https://fifththird.reporting.perfectomobile.com/library?externalId[0]=dinesh.venkataraman@internal.53.com_RemoteWebDriver_18-07-26_04_10_14_693&amp;_timestamp[0]=1532578214534, entityType=remote_web_driver, serverConnector=, securityToken=, executionId=dinesh.venkataraman@internal.53.com_RemoteWebDriver_18-07-26_04_10_14_693, webdriver.remote.sessionid=cc521fd6-a1fc-4fc8-903c-c23ed2793f51, locationContextEnabled=true, scriptName=RemoteWebDriver, reportKey=dinesh.venkataraman@internal.53.com_RemoteWebDriver_18-07-26_04_10_14_693, windTunnelReportUrl=https://fifththird.reporting.perfectomobile.com/library?externalId[0]=dinesh.venkataraman@internal.53.com_RemoteWebDriver_18-07-26_04_10_14_693&amp;_timestamp[0]=1532578214534, user=, cssSelectorsEnabled=true, autoAcceptAlerts=true}]
Session ID: cc521fd6-a1fc-4fc8-903c-c23ed2793f51
*** Element info: {Using=xpath, value=//device/view/group[1]/group[1]/group[1]/group[1]/group[1]/group[1]/view[1]/group[1]/group[1]/group[1]/group[2]/textfield[1]}">
      <![CDATA[org.openqa.selenium.NoSuchElementException: Element with by xpath '//device/view/group[1]/group[1]/group[1]/group[1]/group[1]/group[1]/view[1]/group[1]/group[1]/group[1]/group[2]/textfield[1]' wasn't found.
For documentation on this error, please visit: http://seleniumhq.org/exceptions/no_such_element.html
Build info: version: '3.6.0', revision: '6fbf3ec767', time: '2017-09-27T15:28:36.4Z'
System info: host: 'ba1ffa30e57b', ip: '172.18.0.4', os.name: 'Linux', os.arch: 'amd64', os.version: '4.4.0-47-generic', java.version: '1.8.0_131'
Driver info: driver.version: EventFiringWebDriver
Command duration or timeout: 16.35 seconds
For documentation on this error, please visit: http://seleniumhq.org/exceptions/no_such_element.html
Build info: version: '2.53.1', revision: 'a36b8b1cd5757287168e54b817830adce9b0158d', time: '2016-06-30 19:26:09'
System info: host: 'Bingo', ip: '192.168.1.4', os.name: 'Mac OS X', os.arch: 'x86_64', os.version: '10.13.6', java.version: '1.8.0_60'
Driver info: io.appium.java_client.android.AndroidDriver
Capabilities [{reportPdfUrl=https://fifththird.reporting.perfectomobile.com/export/api/v1/test-executions/pdf?externalId[0]=dinesh.venkataraman@internal.53.com_RemoteWebDriver_18-07-26_04_10_14_693&_timestamp[0]=1532578214534, deviceName=CE6C01B2, platform=ANY, manufacturer=Samsung, password=, deviceSessionId=dinesh.venkataraman@internal.53.com_RemoteWebDriver_18-07-26_04_10_14_693, platformVersion=7.0, host=fifththird.perfectomobile.com, singleTestReportUrl=https://fifththird.reporting.perfectomobile.com/library?externalId[0]=dinesh.venkataraman@internal.53.com_RemoteWebDriver_18-07-26_04_10_14_693&_timestamp[0]=1532578214534, takesScreenshot=true, model=Galaxy S7, javascriptEnabled=true, platformName=Android, rotatable=true, testGridReportUrl=https://fifththird.reporting.perfectomobile.com/library?externalId[0]=dinesh.venkataraman@internal.53.com_RemoteWebDriver_18-07-26_04_10_14_693&_timestamp[0]=1532578214534, entityType=remote_web_driver, serverConnector=, securityToken=, executionId=dinesh.venkataraman@internal.53.com_RemoteWebDriver_18-07-26_04_10_14_693, webdriver.remote.sessionid=cc521fd6-a1fc-4fc8-903c-c23ed2793f51, locationContextEnabled=true, scriptName=RemoteWebDriver, reportKey=dinesh.venkataraman@internal.53.com_RemoteWebDriver_18-07-26_04_10_14_693, windTunnelReportUrl=https://fifththird.reporting.perfectomobile.com/library?externalId[0]=dinesh.venkataraman@internal.53.com_RemoteWebDriver_18-07-26_04_10_14_693&_timestamp[0]=1532578214534, user=, cssSelectorsEnabled=true, autoAcceptAlerts=true}]
Session ID: cc521fd6-a1fc-4fc8-903c-c23ed2793f51
*** Element info: {Using=xpath, value=//device/view/group[1]/group[1]/group[1]/group[1]/group[1]/group[1]/view[1]/group[1]/group[1]/group[1]/group[2]/textfield[1]}
	at sun.reflect.NativeConstructorAccessorImpl.newInstance0(Native Method)
	at sun.reflect.NativeConstructorAccessorImpl.newInstance(NativeConstructorAccessorImpl.java:62)
	at sun.reflect.DelegatingConstructorAccessorImpl.newInstance(DelegatingConstructorAccessorImpl.java:45)
	at java.lang.reflect.Constructor.newInstance(Constructor.java:422)
	at org.openqa.selenium.remote.ErrorHandler.createThrowable(ErrorHandler.java:206)
	at org.openqa.selenium.remote.ErrorHandler.throwIfResponseFailed(ErrorHandler.java:158)
	at org.openqa.selenium.remote.RemoteWebDriver.execute(RemoteWebDriver.java:678)
	at io.appium.java_client.DefaultGenericMobileDriver.execute(DefaultGenericMobileDriver.java:40)
	at io.appium.java_client.AppiumDriver.execute(AppiumDriver.java:1)
	at io.appium.java_client.android.AndroidDriver.execute(AndroidDriver.java:1)
	at org.openqa.selenium.remote.RemoteWebDriver.findElement(RemoteWebDriver.java:363)
	at io.appium.java_client.DefaultGenericMobileDriver.findElement(DefaultGenericMobileDriver.java:56)
	at io.appium.java_client.AppiumDriver.findElement(AppiumDriver.java:1)
	at io.appium.java_client.android.AndroidDriver.findElement(AndroidDriver.java:1)
	at org.openqa.selenium.remote.RemoteWebDriver.findElementByXPath(RemoteWebDriver.java:500)
	at io.appium.java_client.DefaultGenericMobileDriver.findElementByXPath(DefaultGenericMobileDriver.java:134)
	at io.appium.java_client.AppiumDriver.findElementByXPath(AppiumDriver.java:1)
	at io.appium.java_client.android.AndroidDriver.findElementByXPath(AndroidDriver.java:1)
	at org.openqa.selenium.By$ByXPath.findElement(By.java:361)
	at org.openqa.selenium.remote.RemoteWebDriver.findElement(RemoteWebDriver.java:355)
	at io.appium.java_client.DefaultGenericMobileDriver.findElement(DefaultGenericMobileDriver.java:52)
	at io.appium.java_client.AppiumDriver.findElement(AppiumDriver.java:1)
	at io.appium.java_client.android.AndroidDriver.findElement(AndroidDriver.java:1)
	at com.quantum.steps.mobileTesting.enterUsernamePassword(mobileTesting.java:75)
	at sun.reflect.NativeMethodAccessorImpl.invoke0(Native Method)
	at sun.reflect.NativeMethodAccessorImpl.invoke(NativeMethodAccessorImpl.java:62)
	at sun.reflect.DelegatingMethodAccessorImpl.invoke(DelegatingMethodAccessorImpl.java:43)
	at java.lang.reflect.Method.invoke(Method.java:497)
	at org.testng.internal.MethodInvocationHelper.invokeMethod(MethodInvocationHelper.java:104)
	at org.testng.internal.Invoker.invokeMethod(Invoker.java:645)
	at org.testng.internal.Invoker.invokeTestMethod(Invoker.java:851)
	at org.testng.internal.Invoker.invokeTestMethods(Invoker.java:1177)
	at org.testng.internal.TestMethodWorker.invokeTestMethods(TestMethodWorker.java:129)
	at org.testng.internal.TestMethodWorker.run(TestMethodWorker.java:112)
	at org.testng.TestRunner.privateRun(TestRunner.java:781)
	at org.testng.TestRunner.run(TestRunner.java:635)
	at org.testng.SuiteRunner.runTest(SuiteRunner.java:387)
	at org.testng.SuiteRunner.access$000(SuiteRunner.java:39)
	at org.testng.SuiteRunner$SuiteWorker.run(SuiteRunner.java:421)
	at org.testng.internal.thread.ThreadUtil$2.call(ThreadUtil.java:64)
	at java.util.concurrent.FutureTask.run(FutureTask.java:266)
	at java.util.concurrent.ThreadPoolExecutor.runWorker(ThreadPoolExecutor.java:1142)
	at java.util.concurrent.ThreadPoolExecutor$Worker.run(ThreadPoolExecutor.java:617)
	at java.lang.Thread.run(Thread.java:745)
Caused by: org.openqa.selenium.NoSuchElementException: Element with by xpath '//device/view/group[1]/group[1]/group[1]/group[1]/group[1]/group[1]/view[1]/group[1]/group[1]/group[1]/group[2]/textfield[1]' wasn't found.
For documentation on this error, please visit: http://seleniumhq.org/exceptions/no_such_element.html
Build info: version: '3.6.0', revision: '6fbf3ec767', time: '2017-09-27T15:28:36.4Z'
System info: host: 'ba1ffa30e57b', ip: '172.18.0.4', os.name: 'Linux', os.arch: 'amd64', os.version: '4.4.0-47-generic', java.version: '1.8.0_131'
Driver info: driver.version: EventFiringWebDriver
For documentation on this error, please visit: http://seleniumhq.org/exceptions/no_such_element.html
Build info: version: '2.53.1', revision: 'a36b8b1cd5757287168e54b817830adce9b0158d', time: '2016-06-30 19:26:09'
System info: host: 'Bingo', ip: '192.168.1.4', os.name: 'Mac OS X', os.arch: 'x86_64', os.version: '10.13.6', java.version: '1.8.0_60'
Driver info: driver.version: EventFiringWebDriver
	at com.perfectomobile.selenium.MobileApplication.getSingleElement(MobileApplication.java:337)
	at com.perfectomobile.selenium.MobileApplication.findElementByXPath(MobileApplication.java:193)
	at org.openqa.selenium.By$ByXPath.findElement(By.java:361)
	at com.perfectomobile.selenium.MobileApplication.findElement(MobileApplication.java:132)
	at com.perfectomobile.selenium.server.PerfectoMobileDriver.findElement(PerfectoMobileDriver.java:850)
	at sun.reflect.GeneratedMethodAccessor2557.invoke(Unknown Source)
	at sun.reflect.DelegatingMethodAccessorImpl.invoke(DelegatingMethodAccessorImpl.java:43)
	at java.lang.reflect.Method.invoke(Method.java:498)
	at org.openqa.selenium.support.events.EventFiringWebDriver$2.invoke(EventFiringWebDriver.java:109)
	at com.sun.proxy.$Proxy286.findElement(Unknown Source)
	at org.openqa.selenium.support.events.EventFiringWebDriver.findElement(EventFiringWebDriver.java:193)
	at org.openqa.selenium.remote.server.handler.FindElement.call(FindElement.java:48)
	at org.openqa.selenium.remote.server.handler.FindElement.call(FindElement.java:33)
	at org.openqa.selenium.remote.server.handler.WebDriverHandler.handle(WebDriverHandler.java:41)
	at org.openqa.selenium.remote.server.rest.ResultConfig.handle(ResultConfig.java:112)
	at org.openqa.selenium.remote.server.JsonHttpCommandHandler.handleRequest(JsonHttpCommandHandler.java:192)
	at org.openqa.selenium.remote.server.MobileDriverServlet.lambda$handleRequest$0(MobileDriverServlet.java:465)
	at java.util.concurrent.Executors$RunnableAdapter.call(Executors.java:511)
	at java.util.concurrent.FutureTask.run(FutureTask.java:266)
	at java.util.concurrent.ThreadPoolExecutor.runWorker(ThreadPoolExecutor.java:1142)
	at java.util.concurrent.ThreadPoolExecutor$Worker.run(ThreadPoolExecutor.java:617)
	at java.lang.Thread.run(Thread.java:748)
]]>
    </error>
  </testcase> <!-- enterUsernamePassword -->
  <testcase name="OpenAPP" time="0.677" classname="com.quantum.steps.mobileTesting"/>
</testsuite> <!-- com.quantum.steps.mobileTesting -->
