<?xml version="1.0" encoding="UTF-8"?>
<!-- Generated by org.testng.reporters.JUnitXMLReporter -->
<testsuite hostname="Bingo" ignored="0" name="Android Calc Test" tests="2" failures="1" timestamp="26 Jul 2018 04:10:48 GMT" time="34.037" errors="0">
  <testcase name="OpenAPP" time="0.677" classname="com.quantum.steps.mobileTesting"/>
  <testcase name="enterUsernamePassword" time="17.559" classname="com.quantum.steps.mobileTesting">
    <failure type="org.openqa.selenium.NoSuchElementException" message="Element with by xpath &amp;apos;//device/view/group[1]/group[1]/group[1]/group[1]/group[1]/group[1]/view[1]/group[1]/group[1]/group[1]/group[2]/textfield[1]&amp;apos; wasn&amp;apos;t found.
For documentation on this error, please visit: http://seleniumhq.org/exceptions/no_such_element.html
Build info: version: &amp;apos;3.6.0&amp;apos;, revision: &amp;apos;6fbf3ec767&amp;apos;, time: &amp;apos;2017-09-27T15:28:36.4Z&amp;apos;
System info: host: &amp;apos;ba1ffa30e57b&amp;apos;, ip: &amp;apos;172.18.0.4&amp;apos;, os.name: &amp;apos;Linux&amp;apos;, os.arch: &amp;apos;amd64&amp;apos;, os.version: &amp;apos;4.4.0-47-generic&amp;apos;, java.version: &amp;apos;1.8.0_131&amp;apos;
Driver info: driver.version: EventFiringWebDriver
Command duration or timeout: 16.35 seconds
For documentation on this error, please visit: http://seleniumhq.org/exceptions/no_such_element.html
Build info: version: &amp;apos;2.53.1&amp;apos;, revision: &amp;apos;a36b8b1cd5757287168e54b817830adce9b0158d&amp;apos;, time: &amp;apos;2016-06-30 19:26:09&amp;apos;
System info: host: &amp;apos;Bingo&amp;apos;, ip: &amp;apos;192.168.1.4&amp;apos;, os.name: &amp;apos;Mac OS X&amp;apos;, os.arch: &amp;apos;x86_64&amp;apos;, os.version: &amp;apos;10.13.6&amp;apos;, java.version: &amp;apos;1.8.0_60&amp;apos;
Driver info: io.appium.java_client.android.AndroidDriver
Capabilities [{reportPdfUrl=https://fifththird.reporting.perfectomobile.com/export/api/v1/test-executions/pdf?externalId[0]=dinesh.venkataraman@internal.53.com_RemoteWebDriver_18-07-26_04_10_14_693&amp;amp;_timestamp[0]=1532578214534, deviceName=CE6C01B2, platform=ANY, manufacturer=Samsung, password=, deviceSessionId=dinesh.venkataraman@internal.53.com_RemoteWebDriver_18-07-26_04_10_14_693, platformVersion=7.0, host=fifththird.perfectomobile.com, singleTestReportUrl=https://fifththird.reporting.perfectomobile.com/library?externalId[0]=dinesh.venkataraman@internal.53.com_RemoteWebDriver_18-07-26_04_10_14_693&amp;amp;_timestamp[0]=1532578214534, takesScreenshot=true, model=Galaxy S7, javascriptEnabled=true, platformName=Android, rotatable=true, testGridReportUrl=https://fifththird.reporting.perfectomobile.com/library?externalId[0]=dinesh.venkataraman@internal.53.com_RemoteWebDriver_18-07-26_04_10_14_693&amp;amp;_timestamp[0]=1532578214534, entityType=remote_web_driver, serverConnector=, securityToken=, executionId=dinesh.venkataraman@internal.53.com_RemoteWebDriver_18-07-26_04_10_14_693, webdriver.remote.sessionid=cc521fd6-a1fc-4fc8-903c-c23ed2793f51, locationContextEnabled=true, scriptName=RemoteWebDriver, reportKey=dinesh.venkataraman@internal.53.com_RemoteWebDriver_18-07-26_04_10_14_693, windTunnelReportUrl=https://fifththird.reporting.perfectomobile.com/library?externalId[0]=dinesh.venkataraman@internal.53.com_RemoteWebDriver_18-07-26_04_10_14_693&amp;amp;_timestamp[0]=1532578214534, user=, cssSelectorsEnabled=true, autoAcceptAlerts=true}]
Session ID: cc521fd6-a1fc-4fc8-903c-c23ed2793f51
*** Element info: {Using=xpath, value=//device/view/group[1]/group[1]/group[1]/group[1]/group[1]/group[1]/view[1]/group[1]/group[1]/group[1]/group[2]/textfield[1]}">
      <![CDATA[org.openqa.selenium.NoSuchElementException: Element with by xpath '//device/view/group[1]/group[1]/group[1]/group[1]/group[1]/group[1]/view[1]/group[1]/group[1]/group[1]/group[2]/textfield[1]' wasn't found.
For documentation on this error, please visit: http://seleniumhq.org/exceptions/no_such_element.html
Build info: version: '3.6.0', revision: '6fbf3ec767', time: '2017-09-27T15:28:36.4Z'
System info: host: 'ba1ffa30e57b', ip: '172.18.0.4', os.name: 'Linux', os.arch: 'amd64', os.version: '4.4.0-47-generic', java.version: '1.8.0_131'
Driver info: driver.version: EventFiringWebDriver
Command duration or timeout: 16.35 seconds
For documentation on this error, please visit: http://seleniumhq.org/exceptions/no_such_element.html
Build info: version: '2.53.1', revision: 'a36b8b1cd5757287168e54b817830adce9b0158d', time: '2016-06-30 19:26:09'
System info: host: 'Bingo', ip: '192.168.1.4', os.name: 'Mac OS X', os.arch: 'x86_64', os.version: '10.13.6', java.version: '1.8.0_60'
Driver info: io.appium.java_client.android.AndroidDriver
Capabilities [{reportPdfUrl=https://fifththird.reporting.perfectomobile.com/export/api/v1/test-executions/pdf?externalId[0]=dinesh.venkataraman@internal.53.com_RemoteWebDriver_18-07-26_04_10_14_693&_timestamp[0]=1532578214534, deviceName=CE6C01B2, platform=ANY, manufacturer=Samsung, password=, deviceSessionId=dinesh.venkataraman@internal.53.com_RemoteWebDriver_18-07-26_04_10_14_693, platformVersion=7.0, host=fifththird.perfectomobile.com, singleTestReportUrl=https://fifththird.reporting.perfectomobile.com/library?externalId[0]=dinesh.venkataraman@internal.53.com_RemoteWebDriver_18-07-26_04_10_14_693&_timestamp[0]=1532578214534, takesScreenshot=true, model=Galaxy S7, javascriptEnabled=true, platformName=Android, rotatable=true, testGridReportUrl=https://fifththird.reporting.perfectomobile.com/library?externalId[0]=dinesh.venkataraman@internal.53.com_RemoteWebDriver_18-07-26_04_10_14_693&_timestamp[0]=1532578214534, entityType=remote_web_driver, serverConnector=, securityToken=, executionId=dinesh.venkataraman@internal.53.com_RemoteWebDriver_18-07-26_04_10_14_693, webdriver.remote.sessionid=cc521fd6-a1fc-4fc8-903c-c23ed2793f51, locationContextEnabled=true, scriptName=RemoteWebDriver, reportKey=dinesh.venkataraman@internal.53.com_RemoteWebDriver_18-07-26_04_10_14_693, windTunnelReportUrl=https://fifththird.reporting.perfectomobile.com/library?externalId[0]=dinesh.venkataraman@internal.53.com_RemoteWebDriver_18-07-26_04_10_14_693&_timestamp[0]=1532578214534, user=, cssSelectorsEnabled=true, autoAcceptAlerts=true}]
Session ID: cc521fd6-a1fc-4fc8-903c-c23ed2793f51
*** Element info: {Using=xpath, value=//device/view/group[1]/group[1]/group[1]/group[1]/group[1]/group[1]/view[1]/group[1]/group[1]/group[1]/group[2]/textfield[1]}
	at org.openqa.selenium.remote.ErrorHandler.createThrowable(ErrorHandler.java:206)
	at org.openqa.selenium.remote.ErrorHandler.throwIfResponseFailed(ErrorHandler.java:158)
	at org.openqa.selenium.remote.RemoteWebDriver.execute(RemoteWebDriver.java:678)
	at io.appium.java_client.DefaultGenericMobileDriver.execute(DefaultGenericMobileDriver.java:40)
	at io.appium.java_client.AppiumDriver.execute(AppiumDriver.java:1)
	at io.appium.java_client.android.AndroidDriver.execute(AndroidDriver.java:1)
	at org.openqa.selenium.remote.RemoteWebDriver.findElement(RemoteWebDriver.java:363)
	at io.appium.java_client.DefaultGenericMobileDriver.findElement(DefaultGenericMobileDriver.java:56)
	at io.appium.java_client.AppiumDriver.findElement(AppiumDriver.java:1)
	at io.appium.java_client.android.AndroidDriver.findElement(AndroidDriver.java:1)
	at org.openqa.selenium.remote.RemoteWebDriver.findElementByXPath(RemoteWebDriver.java:500)
	at io.appium.java_client.DefaultGenericMobileDriver.findElementByXPath(DefaultGenericMobileDriver.java:134)
	at io.appium.java_client.AppiumDriver.findElementByXPath(AppiumDriver.java:1)
	at io.appium.java_client.android.AndroidDriver.findElementByXPath(AndroidDriver.java:1)
	at org.openqa.selenium.By$ByXPath.findElement(By.java:361)
	at org.openqa.selenium.remote.RemoteWebDriver.findElement(RemoteWebDriver.java:355)
	at io.appium.java_client.DefaultGenericMobileDriver.findElement(DefaultGenericMobileDriver.java:52)
	at io.appium.java_client.AppiumDriver.findElement(AppiumDriver.java:1)
	at io.appium.java_client.android.AndroidDriver.findElement(AndroidDriver.java:1)
	at com.quantum.steps.mobileTesting.enterUsernamePassword(mobileTesting.java:75)
	at java.util.concurrent.FutureTask.run(FutureTask.java:266)
	at java.util.concurrent.ThreadPoolExecutor.runWorker(ThreadPoolExecutor.java:1142)
	at java.util.concurrent.ThreadPoolExecutor$Worker.run(ThreadPoolExecutor.java:617)
	at java.lang.Thread.run(Thread.java:745)
Caused by: org.openqa.selenium.NoSuchElementException: Element with by xpath '//device/view/group[1]/group[1]/group[1]/group[1]/group[1]/group[1]/view[1]/group[1]/group[1]/group[1]/group[2]/textfield[1]' wasn't found.
For documentation on this error, please visit: http://seleniumhq.org/exceptions/no_such_element.html
Build info: version: '3.6.0', revision: '6fbf3ec767', time: '2017-09-27T15:28:36.4Z'
System info: host: 'ba1ffa30e57b', ip: '172.18.0.4', os.name: 'Linux', os.arch: 'amd64', os.version: '4.4.0-47-generic', java.version: '1.8.0_131'
Driver info: driver.version: EventFiringWebDriver
For documentation on this error, please visit: http://seleniumhq.org/exceptions/no_such_element.html
Build info: version: '2.53.1', revision: 'a36b8b1cd5757287168e54b817830adce9b0158d', time: '2016-06-30 19:26:09'
System info: host: 'Bingo', ip: '192.168.1.4', os.name: 'Mac OS X', os.arch: 'x86_64', os.version: '10.13.6', java.version: '1.8.0_60'
Driver info: driver.version: EventFiringWebDriver
	at com.perfectomobile.selenium.MobileApplication.getSingleElement(MobileApplication.java:337)
	at com.perfectomobile.selenium.MobileApplication.findElementByXPath(MobileApplication.java:193)
	at org.openqa.selenium.By$ByXPath.findElement(By.java:361)
	at com.perfectomobile.selenium.MobileApplication.findElement(MobileApplication.java:132)
	at com.perfectomobile.selenium.server.PerfectoMobileDriver.findElement(PerfectoMobileDriver.java:850)
	at org.openqa.selenium.support.events.EventFiringWebDriver$2.invoke(EventFiringWebDriver.java:109)
	at com.sun.proxy.$Proxy286.findElement(Unknown Source)
	at org.openqa.selenium.support.events.EventFiringWebDriver.findElement(EventFiringWebDriver.java:193)
	at org.openqa.selenium.remote.server.handler.FindElement.call(FindElement.java:48)
	at org.openqa.selenium.remote.server.handler.FindElement.call(FindElement.java:33)
	at org.openqa.selenium.remote.server.handler.WebDriverHandler.handle(WebDriverHandler.java:41)
	at org.openqa.selenium.remote.server.rest.ResultConfig.handle(ResultConfig.java:112)
	at org.openqa.selenium.remote.server.JsonHttpCommandHandler.handleRequest(JsonHttpCommandHandler.java:192)
	at org.openqa.selenium.remote.server.MobileDriverServlet.lambda$handleRequest$0(MobileDriverServlet.java:465)
	at java.util.concurrent.Executors$RunnableAdapter.call(Executors.java:511)
	at java.util.concurrent.FutureTask.run(FutureTask.java:266)
	at java.util.concurrent.ThreadPoolExecutor.runWorker(ThreadPoolExecutor.java:1142)
	at java.util.concurrent.ThreadPoolExecutor$Worker.run(ThreadPoolExecutor.java:617)
	at java.lang.Thread.run(Thread.java:748)
... Removed 23 stack frames]]>
    </failure>
  </testcase> <!-- enterUsernamePassword -->
</testsuite> <!-- Android Calc Test -->
