<html>
<head>
<title>TestNG:  IOS 53 Test</title>
<link href="../testng.css" rel="stylesheet" type="text/css" />
<link href="../my-testng.css" rel="stylesheet" type="text/css" />

<style type="text/css">
.log { display: none;} 
.stack-trace { display: none;} 
</style>
<script type="text/javascript">
<!--
function flip(e) {
  current = e.style.display;
  if (current == 'block') {
    e.style.display = 'none';
    return 0;
  }
  else {
    e.style.display = 'block';
    return 1;
  }
}

function toggleBox(szDivId, elem, msg1, msg2)
{
  var res = -1;  if (document.getElementById) {
    res = flip(document.getElementById(szDivId));
  }
  else if (document.all) {
    // this is the way old msie versions work
    res = flip(document.all[szDivId]);
  }
  if(elem) {
    if(res == 0) elem.innerHTML = msg1; else elem.innerHTML = msg2;
  }

}

function toggleAllBoxes() {
  if (document.getElementsByTagName) {
    d = document.getElementsByTagName('div');
    for (i = 0; i < d.length; i++) {
      if (d[i].className == 'log') {
        flip(d[i]);
      }
    }
  }
}

// -->
</script>

</head>
<body>
<h2 align='center'>IOS 53 Test</h2><table border='1' align="center">
<tr>
<td>Tests passed/Failed/Skipped:</td><td>1/1/0</td>
</tr><tr>
<td>Started on:</td><td>Thu Jul 26 01:19:24 IST 2018</td>
</tr>
<tr><td>Total time:</td><td>68 seconds (68340 ms)</td>
</tr><tr>
<td>Included groups:</td><td></td>
</tr><tr>
<td>Excluded groups:</td><td></td>
</tr>
</table><p/>
<small><i>(Hover the method name to see the test class name)</i></small><p/>
<table width='100%' border='1' class='invocation-failed'>
<tr><td colspan='4' align='center'><b>FAILED TESTS</b></td></tr>
<tr><td><b>Test method</b></td>
<td width="30%"><b>Exception</b></td>
<td width="10%"><b>Time (seconds)</b></td>
<td><b>Instance</b></td>
</tr>
<tr>
<td title='com.quantum.steps.mobileTesting.enterUsernamePassword()'><b>enterUsernamePassword</b><br>Test class: com.quantum.steps.mobileTesting<br/>
<a href="#Output-1242154555" onClick='toggleBox("Output-1242154555", this, "Show output", "Hide output");'>Show output</a>

<a href="#Output-1242154555" onClick="toggleAllBoxes();">Show all outputs</a>
<div class='log' id="Output-1242154555">
█▀▀▀▀▀▀▀▀▀▀▀▀▀▀▀▀▀▀▀▀▀▀▀▀▀▀▀▀▀▀▀▀▀▀▀▀▀█<br/>
█ TEST STARTED: enterUsernamePassword █<br/>
█▄▄▄▄▄▄▄▄▄▄▄▄▄▄▄▄▄▄▄▄▄▄▄▄▄▄▄▄▄▄▄▄▄▄▄▄▄█<br/>
<div style="display:block;margin-left:10px;"><div  class="fail"><span class="fail-label">F </span>An element could not be located on the page using the given search parameters. (WARNING: The server did not provide any stacktrace information)
Command duration or timeout: 0 milliseconds
For documentation on this error, please visit: http://seleniumhq.org/exceptions/no_such_element.html
Build info: version: '3.6.0', revision: '6fbf3ec767', time: '2017-09-27T15:28:36.4Z'
System info: host: 'ba1ffa30e57b', ip: '172.18.0.4', os.name: 'Linux', os.arch: 'amd64', os.version: '4.4.0-47-generic', java.version: '1.8.0_131'
Driver info: io.appium.java_client.ios.IOSDriver
Capabilities [{reportPdfUrl=https://fifththird.reporting.perfectomobile.com/export/api/v1/test-executions/pdf?externalId[0]=gopinath.nagarajan@internal.53.com_RemoteWebDriver_18-07-25_19_49_23_532&_timestamp[0]=1532548163833, simpleIsVisibleCheck=true, deviceName=83D734028F02149434056CD13BAEF00CD0BDA5A4, platform=MAC, password=, deviceSessionId=gopinath.nagarajan@internal.53.com_RemoteWebDriver_18-07-25_19_49_23_532, platformVersion=11.4, webStorageEnabled=false, host=fifththird.perfectomobile.com, singleTestReportUrl=https://fifththird.reporting.perfectomobile.com/library?externalId[0]=gopinath.nagarajan@internal.53.com_RemoteWebDriver_18-07-25_19_49_23_532&_timestamp[0]=1532548163833, browserName=, takesScreenshot=true, javascriptEnabled=true, model=iPhone-8 Plus, platformName=MAC, networkConnectionEnabled=false, testGridReportUrl=https://fifththird.reporting.perfectomobile.com/library?externalId[0]=gopinath.nagarajan@internal.53.com_RemoteWebDriver_18-07-25_19_49_23_532&_timestamp[0]=1532548163833, entityType=remote_web_driver, xcuitestFindOptimizations=true, bundleId=com.apple.mobilesafari, databaseEnabled=false, serverConnector=, serverHost=1.5.43.23:11603, securityToken=, executionId=gopinath.nagarajan@internal.53.com_RemoteWebDriver_18-07-25_19_49_23_532, locationContextEnabled=false, scriptName=RemoteWebDriver, reportKey=gopinath.nagarajan@internal.53.com_RemoteWebDriver_18-07-25_19_49_23_532, windTunnelReportUrl=https://fifththird.reporting.perfectomobile.com/library?externalId[0]=gopinath.nagarajan@internal.53.com_RemoteWebDriver_18-07-25_19_49_23_532&_timestamp[0]=1532548163833, user=, autoAcceptAlerts=true}]
Session ID: 00132367-e4c7-411d-9f28-d40ecd97cdc7
*** Element info: {Using=xpath, value=AppiumAUT/XCUIElementTypeApplication[1]/XCUIElementTypeWindow[1]/XCUIElementTypeOther[1]/XCUIElementTypeOther[2]/XCUIElementTypeOther[2]/XCUIElementTypeTextField[1]}
Command duration or timeout: 15.93 seconds
For documentation on this error, please visit: http://seleniumhq.org/exceptions/no_such_element.html
Build info: version: '2.53.1', revision: 'a36b8b1cd5757287168e54b817830adce9b0158d', time: '2016-06-30 19:26:09'
System info: host: 'Bingo', ip: '192.168.1.4', os.name: 'Mac OS X', os.arch: 'x86_64', os.version: '10.13.6', java.version: '1.8.0_60'
Driver info: io.appium.java_client.ios.IOSDriver
Capabilities [{reportPdfUrl=https://fifththird.reporting.perfectomobile.com/export/api/v1/test-executions/pdf?externalId[0]=gopinath.nagarajan@internal.53.com_RemoteWebDriver_18-07-25_19_49_23_532&_timestamp[0]=1532548163833, simpleIsVisibleCheck=true, deviceName=83D734028F02149434056CD13BAEF00CD0BDA5A4, platform=ANY, password=, deviceSessionId=gopinath.nagarajan@internal.53.com_RemoteWebDriver_18-07-25_19_49_23_532, platformVersion=11.4, host=fifththird.perfectomobile.com, singleTestReportUrl=https://fifththird.reporting.perfectomobile.com/library?externalId[0]=gopinath.nagarajan@internal.53.com_RemoteWebDriver_18-07-25_19_49_23_532&_timestamp[0]=1532548163833, takesScreenshot=true, model=iPhone-8 Plus, javascriptEnabled=true, platformName=iOS, rotatable=true, testGridReportUrl=https://fifththird.reporting.perfectomobile.com/library?externalId[0]=gopinath.nagarajan@internal.53.com_RemoteWebDriver_18-07-25_19_49_23_532&_timestamp[0]=1532548163833, entityType=remote_web_driver, xcuitestFindOptimizations=true, bundleId=com.apple.mobilesafari, serverConnector=, serverHost=1.5.43.23:11603, securityToken=, executionId=gopinath.nagarajan@internal.53.com_RemoteWebDriver_18-07-25_19_49_23_532, webdriver.remote.sessionid=22775934-c18a-40a9-8b04-a1c6ad77f6f1, locationContextEnabled=true, scriptName=RemoteWebDriver, reportKey=gopinath.nagarajan@internal.53.com_RemoteWebDriver_18-07-25_19_49_23_532, windTunnelReportUrl=https://fifththird.reporting.perfectomobile.com/library?externalId[0]=gopinath.nagarajan@internal.53.com_RemoteWebDriver_18-07-25_19_49_23_532&_timestamp[0]=1532548163833, user=, cssSelectorsEnabled=true, autoAcceptAlerts=true}]
Session ID: 22775934-c18a-40a9-8b04-a1c6ad77f6f1
*** Element info: {Using=xpath, value=AppiumAUT/XCUIElementTypeApplication[1]/XCUIElementTypeWindow[1]/XCUIElementTypeOther[1]/XCUIElementTypeOther[2]/XCUIElementTypeOther[2]/XCUIElementTypeTextField[1]}</div></div><br/>
▀▄▀▄▀ REPORTIUM URL: N/A - local logger ▀▄▀▄▀<br/>
█▀▀▀▀▀▀▀▀▀▀▀▀▀▀▀▀▀▀▀▀▀▀▀▀▀▀▀▀▀▀▀▀▀▀▀▀█<br/>
█ TEST FAILED: enterUsernamePassword █<br/>
█▄▄▄▄▄▄▄▄▄▄▄▄▄▄▄▄▄▄▄▄▄▄▄▄▄▄▄▄▄▄▄▄▄▄▄▄█<br/>
</div>
</td>
<td><div><pre>org.openqa.selenium.NoSuchElementException: An element could not be located on the page using the given search parameters. (WARNING: The server did not provide any stacktrace information)
Command duration or timeout: 0 milliseconds
For documentation on this error, please visit: http://seleniumhq.org/exceptions/no_such_element.html
Build info: version: &apos;3.6.0&apos;, revision: &apos;6fbf3ec767&apos;, time: &apos;2017-09-27T15:28:36.4Z&apos;
System info: host: &apos;ba1ffa30e57b&apos;, ip: &apos;172.18.0.4&apos;, os.name: &apos;Linux&apos;, os.arch: &apos;amd64&apos;, os.version: &apos;4.4.0-47-generic&apos;, java.version: &apos;1.8.0_131&apos;
Driver info: io.appium.java_client.ios.IOSDriver
Capabilities [{reportPdfUrl=https://fifththird.reporting.perfectomobile.com/export/api/v1/test-executions/pdf?externalId[0]=gopinath.nagarajan@internal.53.com_RemoteWebDriver_18-07-25_19_49_23_532&amp;_timestamp[0]=1532548163833, simpleIsVisibleCheck=true, deviceName=83D734028F02149434056CD13BAEF00CD0BDA5A4, platform=MAC, password=, deviceSessionId=gopinath.nagarajan@internal.53.com_RemoteWebDriver_18-07-25_19_49_23_532, platformVersion=11.4, webStorageEnabled=false, host=fifththird.perfectomobile.com, singleTestReportUrl=https://fifththird.reporting.perfectomobile.com/library?externalId[0]=gopinath.nagarajan@internal.53.com_RemoteWebDriver_18-07-25_19_49_23_532&amp;_timestamp[0]=1532548163833, browserName=, takesScreenshot=true, javascriptEnabled=true, model=iPhone-8 Plus, platformName=MAC, networkConnectionEnabled=false, testGridReportUrl=https://fifththird.reporting.perfectomobile.com/library?externalId[0]=gopinath.nagarajan@internal.53.com_RemoteWebDriver_18-07-25_19_49_23_532&amp;_timestamp[0]=1532548163833, entityType=remote_web_driver, xcuitestFindOptimizations=true, bundleId=com.apple.mobilesafari, databaseEnabled=false, serverConnector=, serverHost=1.5.43.23:11603, securityToken=, executionId=gopinath.nagarajan@internal.53.com_RemoteWebDriver_18-07-25_19_49_23_532, locationContextEnabled=false, scriptName=RemoteWebDriver, reportKey=gopinath.nagarajan@internal.53.com_RemoteWebDriver_18-07-25_19_49_23_532, windTunnelReportUrl=https://fifththird.reporting.perfectomobile.com/library?externalId[0]=gopinath.nagarajan@internal.53.com_RemoteWebDriver_18-07-25_19_49_23_532&amp;_timestamp[0]=1532548163833, user=, autoAcceptAlerts=true}]
Session ID: 00132367-e4c7-411d-9f28-d40ecd97cdc7
*** Element info: {Using=xpath, value=AppiumAUT/XCUIElementTypeApplication[1]/XCUIElementTypeWindow[1]/XCUIElementTypeOther[1]/XCUIElementTypeOther[2]/XCUIElementTypeOther[2]/XCUIElementTypeTextField[1]}
Command duration or timeout: 15.93 seconds
For documentation on this error, please visit: http://seleniumhq.org/exceptions/no_such_element.html
Build info: version: &apos;2.53.1&apos;, revision: &apos;a36b8b1cd5757287168e54b817830adce9b0158d&apos;, time: &apos;2016-06-30 19:26:09&apos;
System info: host: &apos;Bingo&apos;, ip: &apos;192.168.1.4&apos;, os.name: &apos;Mac OS X&apos;, os.arch: &apos;x86_64&apos;, os.version: &apos;10.13.6&apos;, java.version: &apos;1.8.0_60&apos;
Driver info: io.appium.java_client.ios.IOSDriver
Capabilities [{reportPdfUrl=https://fifththird.reporting.perfectomobile.com/export/api/v1/test-executions/pdf?externalId[0]=gopinath.nagarajan@internal.53.com_RemoteWebDriver_18-07-25_19_49_23_532&amp;_timestamp[0]=1532548163833, simpleIsVisibleCheck=true, deviceName=83D734028F02149434056CD13BAEF00CD0BDA5A4, platform=ANY, password=, deviceSessionId=gopinath.nagarajan@internal.53.com_RemoteWebDriver_18-07-25_19_49_23_532, platformVersion=11.4, host=fifththird.perfectomobile.com, singleTestReportUrl=https://fifththird.reporting.perfectomobile.com/library?externalId[0]=gopinath.nagarajan@internal.53.com_RemoteWebDriver_18-07-25_19_49_23_532&amp;_timestamp[0]=1532548163833, takesScreenshot=true, model=iPhone-8 Plus, javascriptEnabled=true, platformName=iOS, rotatable=true, testGridReportUrl=https://fifththird.reporting.perfectomobile.com/library?externalId[0]=gopinath.nagarajan@internal.53.com_RemoteWebDriver_18-07-25_19_49_23_532&amp;_timestamp[0]=1532548163833, entityType=remote_web_driver, xcuitestFindOptimizations=true, bundleId=com.apple.mobilesafari, serverConnector=, serverHost=1.5.43.23:11603, securityToken=, executionId=gopinath.nagarajan@internal.53.com_RemoteWebDriver_18-07-25_19_49_23_532, webdriver.remote.sessionid=22775934-c18a-40a9-8b04-a1c6ad77f6f1, locationContextEnabled=true, scriptName=RemoteWebDriver, reportKey=gopinath.nagarajan@internal.53.com_RemoteWebDriver_18-07-25_19_49_23_532, windTunnelReportUrl=https://fifththird.reporting.perfectomobile.com/library?externalId[0]=gopinath.nagarajan@internal.53.com_RemoteWebDriver_18-07-25_19_49_23_532&amp;_timestamp[0]=1532548163833, user=, cssSelectorsEnabled=true, autoAcceptAlerts=true}]
Session ID: 22775934-c18a-40a9-8b04-a1c6ad77f6f1
*** Element info: {Using=xpath, value=AppiumAUT/XCUIElementTypeApplication[1]/XCUIElementTypeWindow[1]/XCUIElementTypeOther[1]/XCUIElementTypeOther[2]/XCUIElementTypeOther[2]/XCUIElementTypeTextField[1]}
	at org.openqa.selenium.remote.ErrorHandler.createThrowable(ErrorHandler.java:206)
	at org.openqa.selenium.remote.ErrorHandler.throwIfResponseFailed(ErrorHandler.java:158)
	at org.openqa.selenium.remote.RemoteWebDriver.execute(RemoteWebDriver.java:678)
	at io.appium.java_client.DefaultGenericMobileDriver.execute(DefaultGenericMobileDriver.java:40)
	at io.appium.java_client.AppiumDriver.execute(AppiumDriver.java:1)
	at io.appium.java_client.ios.IOSDriver.execute(IOSDriver.java:1)
	at org.openqa.selenium.remote.RemoteWebDriver.findElement(RemoteWebDriver.java:363)
	at io.appium.java_client.DefaultGenericMobileDriver.findElement(DefaultGenericMobileDriver.java:56)
	at io.appium.java_client.AppiumDriver.findElement(AppiumDriver.java:1)
	at io.appium.java_client.ios.IOSDriver.findElement(IOSDriver.java:1)
	at org.openqa.selenium.remote.RemoteWebDriver.findElementByXPath(RemoteWebDriver.java:500)
	at io.appium.java_client.DefaultGenericMobileDriver.findElementByXPath(DefaultGenericMobileDriver.java:134)
	at io.appium.java_client.AppiumDriver.findElementByXPath(AppiumDriver.java:1)
	at io.appium.java_client.ios.IOSDriver.findElementByXPath(IOSDriver.java:1)
	at org.openqa.selenium.By$ByXPath.findElement(By.java:361)
	at org.openqa.selenium.remote.RemoteWebDriver.findElement(RemoteWebDriver.java:355)
	at io.appium.java_client.DefaultGenericMobileDriver.findElement(DefaultGenericMobileDriver.java:52)
	at io.appium.java_client.AppiumDriver.findElement(AppiumDriver.java:1)
	at io.appium.java_client.ios.IOSDriver.findElement(IOSDriver.java:1)
	at com.quantum.steps.mobileTesting.enterUsernamePassword(mobileTesting.java:68)
	at java.util.concurrent.FutureTask.run(FutureTask.java:266)
	at java.util.concurrent.ThreadPoolExecutor.runWorker(ThreadPoolExecutor.java:1142)
	at java.util.concurrent.ThreadPoolExecutor$Worker.run(ThreadPoolExecutor.java:617)
	at java.lang.Thread.run(Thread.java:745)
Caused by: org.openqa.selenium.NoSuchElementException: An element could not be located on the page using the given search parameters. (WARNING: The server did not provide any stacktrace information)
Command duration or timeout: 0 milliseconds
For documentation on this error, please visit: http://seleniumhq.org/exceptions/no_such_element.html
Build info: version: &apos;3.6.0&apos;, revision: &apos;6fbf3ec767&apos;, time: &apos;2017-09-27T15:28:36.4Z&apos;
System info: host: &apos;ba1ffa30e57b&apos;, ip: &apos;172.18.0.4&apos;, os.name: &apos;Linux&apos;, os.arch: &apos;amd64&apos;, os.version: &apos;4.4.0-47-generic&apos;, java.version: &apos;1.8.0_131&apos;
Driver info: io.appium.java_client.ios.IOSDriver
Capabilities [{reportPdfUrl=https://fifththird.reporting.perfectomobile.com/export/api/v1/test-executions/pdf?externalId[0]=gopinath.nagarajan@internal.53.com_RemoteWebDriver_18-07-25_19_49_23_532&amp;_timestamp[0]=1532548163833, simpleIsVisibleCheck=true, deviceName=83D734028F02149434056CD13BAEF00CD0BDA5A4, platform=MAC, password=, deviceSessionId=gopinath.nagarajan@internal.53.com_RemoteWebDriver_18-07-25_19_49_23_532, platformVersion=11.4, webStorageEnabled=false, host=fifththird.perfectomobile.com, singleTestReportUrl=https://fifththird.reporting.perfectomobile.com/library?externalId[0]=gopinath.nagarajan@internal.53.com_RemoteWebDriver_18-07-25_19_49_23_532&amp;_timestamp[0]=1532548163833, browserName=, takesScreenshot=true, javascriptEnabled=true, model=iPhone-8 Plus, platformName=MAC, networkConnectionEnabled=false, testGridReportUrl=https://fifththird.reporting.perfectomobile.com/library?externalId[0]=gopinath.nagarajan@internal.53.com_RemoteWebDriver_18-07-25_19_49_23_532&amp;_timestamp[0]=1532548163833, entityType=remote_web_driver, xcuitestFindOptimizations=true, bundleId=com.apple.mobilesafari, databaseEnabled=false, serverConnector=, serverHost=1.5.43.23:11603, securityToken=, executionId=gopinath.nagarajan@internal.53.com_RemoteWebDriver_18-07-25_19_49_23_532, locationContextEnabled=false, scriptName=RemoteWebDriver, reportKey=gopinath.nagarajan@internal.53.com_RemoteWebDriver_18-07-25_19_49_23_532, windTunnelReportUrl=https://fifththird.reporting.perfectomobile.com/library?externalId[0]=gopinath.nagarajan@internal.53.com_RemoteWebDriver_18-07-25_19_49_23_532&amp;_timestamp[0]=1532548163833, user=, autoAcceptAlerts=true}]
Session ID: 00132367-e4c7-411d-9f28-d40ecd97cdc7
*** Element info: {Using=xpath, value=AppiumAUT/XCUIElementTypeApplication[1]/XCUIElementTypeWindow[1]/XCUIElementTypeOther[1]/XCUIElementTypeOther[2]/XCUIElementTypeOther[2]/XCUIElementTypeTextField[1]}
For documentation on this error, please visit: http://seleniumhq.org/exceptions/no_such_element.html
Build info: version: &apos;2.53.1&apos;, revision: &apos;a36b8b1cd5757287168e54b817830adce9b0158d&apos;, time: &apos;2016-06-30 19:26:09&apos;
System info: host: &apos;Bingo&apos;, ip: &apos;192.168.1.4&apos;, os.name: &apos;Mac OS X&apos;, os.arch: &apos;x86_64&apos;, os.version: &apos;10.13.6&apos;, java.version: &apos;1.8.0_60&apos;
Driver info: driver.version: IOSDriver
	at org.openqa.selenium.remote.ErrorHandler.createThrowable(ErrorHandler.java:214)
	at org.openqa.selenium.remote.ErrorHandler.throwIfResponseFailed(ErrorHandler.java:166)
	at org.openqa.selenium.remote.http.JsonHttpResponseCodec.reconstructValue(JsonHttpResponseCodec.java:40)
	at org.openqa.selenium.remote.http.AbstractHttpResponseCodec.decode(AbstractHttpResponseCodec.java:82)
	at org.openqa.selenium.remote.http.AbstractHttpResponseCodec.decode(AbstractHttpResponseCodec.java:45)
	at org.openqa.selenium.remote.HttpCommandExecutor.execute(HttpCommandExecutor.java:164)
	at io.appium.java_client.remote.AppiumCommandExecutor.execute(AppiumCommandExecutor.java:89)
	at org.openqa.selenium.remote.RemoteWebDriver.execute(RemoteWebDriver.java:586)
	at io.appium.java_client.DefaultGenericMobileDriver.execute(DefaultGenericMobileDriver.java:42)
	at io.appium.java_client.AppiumDriver.execute(AppiumDriver.java:1)
	at io.appium.java_client.ios.IOSDriver.execute(IOSDriver.java:1)
	at org.openqa.selenium.remote.RemoteWebDriver.findElement(RemoteWebDriver.java:356)
	at io.appium.java_client.DefaultGenericMobileDriver.findElement(DefaultGenericMobileDriver.java:62)
	at io.appium.java_client.AppiumDriver.findElement(AppiumDriver.java:1)
	at io.appium.java_client.ios.IOSDriver.findElement(IOSDriver.java:1)
	at org.openqa.selenium.remote.RemoteWebDriver.findElementByXPath(RemoteWebDriver.java:458)
	at io.appium.java_client.DefaultGenericMobileDriver.findElementByXPath(DefaultGenericMobileDriver.java:140)
	at io.appium.java_client.AppiumDriver.findElementByXPath(AppiumDriver.java:1)
	at io.appium.java_client.ios.IOSDriver.findElementByXPath(IOSDriver.java:1)
	at org.openqa.selenium.By$ByXPath.findElement(By.java:361)
	at org.openqa.selenium.remote.RemoteWebDriver.findElement(RemoteWebDriver.java:348)
	at io.appium.java_client.DefaultGenericMobileDriver.findElement(DefaultGenericMobileDriver.java:58)
	at io.appium.java_client.AppiumDriver.findElement(AppiumDriver.java:1)
	at io.appium.java_client.ios.IOSDriver.findElement(IOSDriver.java:1)
	at com.perfectomobile.selenium.server.appium.AppiumDriverWrapper$24.call(AppiumDriverWrapper.java:635)
	at com.nexperience.function.execute.ExecuteCallableCommand.process(ExecuteCallableCommand.java:30)
	at com.nexperience.engine.script.command.AbstractScriptCommand.doExecute(AbstractScriptCommand.java:173)
	at com.nexperience.engine.script.command.ScriptCommandBase.execute(ScriptCommandBase.java:107)
	at com.nexperience.engine.script.tcl.event.CommandTclEvent.processEvent(CommandTclEvent.java:43)
	at com.nexperience.engine.script.tcl.event.MaseTclEvent.processEvent(MaseTclEvent.java:56)
	at tcl.lang.Notifier.serviceEvent(Notifier.java:457)
	at tcl.lang.Notifier.doOneEvent(Notifier.java:610)
	at tcl.lang.Notifier.processTclEvents(Notifier.java:786)
	at com.nexperience.engine.script.tcl.event.TclEventProcessor.start(TclEventProcessor.java:78)
	at com.nexperience.engine.script.tcl.TclInterpreter.startEventProcessing(TclInterpreter.java:550)
	at com.nexperience.engine.script.execution.step.StepExecutionEventProcessor.callImpl(StepExecutionEventProcessor.java:85)
	at com.nexperience.engine.script.execution.step.StepExecutionEventProcessor.callImpl(StepExecutionEventProcessor.java:21)
	at com.nexperience.util.thread.WrappedCallable.call(WrappedCallable.java:31)
	at java.util.concurrent.FutureTask.run(FutureTask.java:266)
	at java.util.concurrent.ThreadPoolExecutor.runWorker(ThreadPoolExecutor.java:1142)
	at java.util.concurrent.ThreadPoolExecutor$Worker.run(ThreadPoolExecutor.java:617)
	at java.lang.Thread.run(Thread.java:748)
... Removed 24 stack frames</pre></div><a href='#' onClick='toggleBox("stack-trace1242154555", this, "Click to show all stack frames", "Click to hide stack frames")'>Click to show all stack frames</a>
<div class='stack-trace' id='stack-trace1242154555'><pre>org.openqa.selenium.NoSuchElementException: An element could not be located on the page using the given search parameters. (WARNING: The server did not provide any stacktrace information)
Command duration or timeout: 0 milliseconds
For documentation on this error, please visit: http://seleniumhq.org/exceptions/no_such_element.html
Build info: version: &apos;3.6.0&apos;, revision: &apos;6fbf3ec767&apos;, time: &apos;2017-09-27T15:28:36.4Z&apos;
System info: host: &apos;ba1ffa30e57b&apos;, ip: &apos;172.18.0.4&apos;, os.name: &apos;Linux&apos;, os.arch: &apos;amd64&apos;, os.version: &apos;4.4.0-47-generic&apos;, java.version: &apos;1.8.0_131&apos;
Driver info: io.appium.java_client.ios.IOSDriver
Capabilities [{reportPdfUrl=https://fifththird.reporting.perfectomobile.com/export/api/v1/test-executions/pdf?externalId[0]=gopinath.nagarajan@internal.53.com_RemoteWebDriver_18-07-25_19_49_23_532&amp;_timestamp[0]=1532548163833, simpleIsVisibleCheck=true, deviceName=83D734028F02149434056CD13BAEF00CD0BDA5A4, platform=MAC, password=, deviceSessionId=gopinath.nagarajan@internal.53.com_RemoteWebDriver_18-07-25_19_49_23_532, platformVersion=11.4, webStorageEnabled=false, host=fifththird.perfectomobile.com, singleTestReportUrl=https://fifththird.reporting.perfectomobile.com/library?externalId[0]=gopinath.nagarajan@internal.53.com_RemoteWebDriver_18-07-25_19_49_23_532&amp;_timestamp[0]=1532548163833, browserName=, takesScreenshot=true, javascriptEnabled=true, model=iPhone-8 Plus, platformName=MAC, networkConnectionEnabled=false, testGridReportUrl=https://fifththird.reporting.perfectomobile.com/library?externalId[0]=gopinath.nagarajan@internal.53.com_RemoteWebDriver_18-07-25_19_49_23_532&amp;_timestamp[0]=1532548163833, entityType=remote_web_driver, xcuitestFindOptimizations=true, bundleId=com.apple.mobilesafari, databaseEnabled=false, serverConnector=, serverHost=1.5.43.23:11603, securityToken=, executionId=gopinath.nagarajan@internal.53.com_RemoteWebDriver_18-07-25_19_49_23_532, locationContextEnabled=false, scriptName=RemoteWebDriver, reportKey=gopinath.nagarajan@internal.53.com_RemoteWebDriver_18-07-25_19_49_23_532, windTunnelReportUrl=https://fifththird.reporting.perfectomobile.com/library?externalId[0]=gopinath.nagarajan@internal.53.com_RemoteWebDriver_18-07-25_19_49_23_532&amp;_timestamp[0]=1532548163833, user=, autoAcceptAlerts=true}]
Session ID: 00132367-e4c7-411d-9f28-d40ecd97cdc7
*** Element info: {Using=xpath, value=AppiumAUT/XCUIElementTypeApplication[1]/XCUIElementTypeWindow[1]/XCUIElementTypeOther[1]/XCUIElementTypeOther[2]/XCUIElementTypeOther[2]/XCUIElementTypeTextField[1]}
Command duration or timeout: 15.93 seconds
For documentation on this error, please visit: http://seleniumhq.org/exceptions/no_such_element.html
Build info: version: &apos;2.53.1&apos;, revision: &apos;a36b8b1cd5757287168e54b817830adce9b0158d&apos;, time: &apos;2016-06-30 19:26:09&apos;
System info: host: &apos;Bingo&apos;, ip: &apos;192.168.1.4&apos;, os.name: &apos;Mac OS X&apos;, os.arch: &apos;x86_64&apos;, os.version: &apos;10.13.6&apos;, java.version: &apos;1.8.0_60&apos;
Driver info: io.appium.java_client.ios.IOSDriver
Capabilities [{reportPdfUrl=https://fifththird.reporting.perfectomobile.com/export/api/v1/test-executions/pdf?externalId[0]=gopinath.nagarajan@internal.53.com_RemoteWebDriver_18-07-25_19_49_23_532&amp;_timestamp[0]=1532548163833, simpleIsVisibleCheck=true, deviceName=83D734028F02149434056CD13BAEF00CD0BDA5A4, platform=ANY, password=, deviceSessionId=gopinath.nagarajan@internal.53.com_RemoteWebDriver_18-07-25_19_49_23_532, platformVersion=11.4, host=fifththird.perfectomobile.com, singleTestReportUrl=https://fifththird.reporting.perfectomobile.com/library?externalId[0]=gopinath.nagarajan@internal.53.com_RemoteWebDriver_18-07-25_19_49_23_532&amp;_timestamp[0]=1532548163833, takesScreenshot=true, model=iPhone-8 Plus, javascriptEnabled=true, platformName=iOS, rotatable=true, testGridReportUrl=https://fifththird.reporting.perfectomobile.com/library?externalId[0]=gopinath.nagarajan@internal.53.com_RemoteWebDriver_18-07-25_19_49_23_532&amp;_timestamp[0]=1532548163833, entityType=remote_web_driver, xcuitestFindOptimizations=true, bundleId=com.apple.mobilesafari, serverConnector=, serverHost=1.5.43.23:11603, securityToken=, executionId=gopinath.nagarajan@internal.53.com_RemoteWebDriver_18-07-25_19_49_23_532, webdriver.remote.sessionid=22775934-c18a-40a9-8b04-a1c6ad77f6f1, locationContextEnabled=true, scriptName=RemoteWebDriver, reportKey=gopinath.nagarajan@internal.53.com_RemoteWebDriver_18-07-25_19_49_23_532, windTunnelReportUrl=https://fifththird.reporting.perfectomobile.com/library?externalId[0]=gopinath.nagarajan@internal.53.com_RemoteWebDriver_18-07-25_19_49_23_532&amp;_timestamp[0]=1532548163833, user=, cssSelectorsEnabled=true, autoAcceptAlerts=true}]
Session ID: 22775934-c18a-40a9-8b04-a1c6ad77f6f1
*** Element info: {Using=xpath, value=AppiumAUT/XCUIElementTypeApplication[1]/XCUIElementTypeWindow[1]/XCUIElementTypeOther[1]/XCUIElementTypeOther[2]/XCUIElementTypeOther[2]/XCUIElementTypeTextField[1]}
	at sun.reflect.NativeConstructorAccessorImpl.newInstance0(Native Method)
	at sun.reflect.NativeConstructorAccessorImpl.newInstance(NativeConstructorAccessorImpl.java:62)
	at sun.reflect.DelegatingConstructorAccessorImpl.newInstance(DelegatingConstructorAccessorImpl.java:45)
	at java.lang.reflect.Constructor.newInstance(Constructor.java:422)
	at org.openqa.selenium.remote.ErrorHandler.createThrowable(ErrorHandler.java:206)
	at org.openqa.selenium.remote.ErrorHandler.throwIfResponseFailed(ErrorHandler.java:158)
	at org.openqa.selenium.remote.RemoteWebDriver.execute(RemoteWebDriver.java:678)
	at io.appium.java_client.DefaultGenericMobileDriver.execute(DefaultGenericMobileDriver.java:40)
	at io.appium.java_client.AppiumDriver.execute(AppiumDriver.java:1)
	at io.appium.java_client.ios.IOSDriver.execute(IOSDriver.java:1)
	at org.openqa.selenium.remote.RemoteWebDriver.findElement(RemoteWebDriver.java:363)
	at io.appium.java_client.DefaultGenericMobileDriver.findElement(DefaultGenericMobileDriver.java:56)
	at io.appium.java_client.AppiumDriver.findElement(AppiumDriver.java:1)
	at io.appium.java_client.ios.IOSDriver.findElement(IOSDriver.java:1)
	at org.openqa.selenium.remote.RemoteWebDriver.findElementByXPath(RemoteWebDriver.java:500)
	at io.appium.java_client.DefaultGenericMobileDriver.findElementByXPath(DefaultGenericMobileDriver.java:134)
	at io.appium.java_client.AppiumDriver.findElementByXPath(AppiumDriver.java:1)
	at io.appium.java_client.ios.IOSDriver.findElementByXPath(IOSDriver.java:1)
	at org.openqa.selenium.By$ByXPath.findElement(By.java:361)
	at org.openqa.selenium.remote.RemoteWebDriver.findElement(RemoteWebDriver.java:355)
	at io.appium.java_client.DefaultGenericMobileDriver.findElement(DefaultGenericMobileDriver.java:52)
	at io.appium.java_client.AppiumDriver.findElement(AppiumDriver.java:1)
	at io.appium.java_client.ios.IOSDriver.findElement(IOSDriver.java:1)
	at com.quantum.steps.mobileTesting.enterUsernamePassword(mobileTesting.java:68)
	at sun.reflect.NativeMethodAccessorImpl.invoke0(Native Method)
	at sun.reflect.NativeMethodAccessorImpl.invoke(NativeMethodAccessorImpl.java:62)
	at sun.reflect.DelegatingMethodAccessorImpl.invoke(DelegatingMethodAccessorImpl.java:43)
	at java.lang.reflect.Method.invoke(Method.java:497)
	at org.testng.internal.MethodInvocationHelper.invokeMethod(MethodInvocationHelper.java:104)
	at org.testng.internal.Invoker.invokeMethod(Invoker.java:645)
	at org.testng.internal.Invoker.invokeTestMethod(Invoker.java:851)
	at org.testng.internal.Invoker.invokeTestMethods(Invoker.java:1177)
	at org.testng.internal.TestMethodWorker.invokeTestMethods(TestMethodWorker.java:129)
	at org.testng.internal.TestMethodWorker.run(TestMethodWorker.java:112)
	at org.testng.TestRunner.privateRun(TestRunner.java:781)
	at org.testng.TestRunner.run(TestRunner.java:635)
	at org.testng.SuiteRunner.runTest(SuiteRunner.java:387)
	at org.testng.SuiteRunner.access$000(SuiteRunner.java:39)
	at org.testng.SuiteRunner$SuiteWorker.run(SuiteRunner.java:421)
	at org.testng.internal.thread.ThreadUtil$2.call(ThreadUtil.java:64)
	at java.util.concurrent.FutureTask.run(FutureTask.java:266)
	at java.util.concurrent.ThreadPoolExecutor.runWorker(ThreadPoolExecutor.java:1142)
	at java.util.concurrent.ThreadPoolExecutor$Worker.run(ThreadPoolExecutor.java:617)
	at java.lang.Thread.run(Thread.java:745)
Caused by: org.openqa.selenium.NoSuchElementException: An element could not be located on the page using the given search parameters. (WARNING: The server did not provide any stacktrace information)
Command duration or timeout: 0 milliseconds
For documentation on this error, please visit: http://seleniumhq.org/exceptions/no_such_element.html
Build info: version: &apos;3.6.0&apos;, revision: &apos;6fbf3ec767&apos;, time: &apos;2017-09-27T15:28:36.4Z&apos;
System info: host: &apos;ba1ffa30e57b&apos;, ip: &apos;172.18.0.4&apos;, os.name: &apos;Linux&apos;, os.arch: &apos;amd64&apos;, os.version: &apos;4.4.0-47-generic&apos;, java.version: &apos;1.8.0_131&apos;
Driver info: io.appium.java_client.ios.IOSDriver
Capabilities [{reportPdfUrl=https://fifththird.reporting.perfectomobile.com/export/api/v1/test-executions/pdf?externalId[0]=gopinath.nagarajan@internal.53.com_RemoteWebDriver_18-07-25_19_49_23_532&amp;_timestamp[0]=1532548163833, simpleIsVisibleCheck=true, deviceName=83D734028F02149434056CD13BAEF00CD0BDA5A4, platform=MAC, password=, deviceSessionId=gopinath.nagarajan@internal.53.com_RemoteWebDriver_18-07-25_19_49_23_532, platformVersion=11.4, webStorageEnabled=false, host=fifththird.perfectomobile.com, singleTestReportUrl=https://fifththird.reporting.perfectomobile.com/library?externalId[0]=gopinath.nagarajan@internal.53.com_RemoteWebDriver_18-07-25_19_49_23_532&amp;_timestamp[0]=1532548163833, browserName=, takesScreenshot=true, javascriptEnabled=true, model=iPhone-8 Plus, platformName=MAC, networkConnectionEnabled=false, testGridReportUrl=https://fifththird.reporting.perfectomobile.com/library?externalId[0]=gopinath.nagarajan@internal.53.com_RemoteWebDriver_18-07-25_19_49_23_532&amp;_timestamp[0]=1532548163833, entityType=remote_web_driver, xcuitestFindOptimizations=true, bundleId=com.apple.mobilesafari, databaseEnabled=false, serverConnector=, serverHost=1.5.43.23:11603, securityToken=, executionId=gopinath.nagarajan@internal.53.com_RemoteWebDriver_18-07-25_19_49_23_532, locationContextEnabled=false, scriptName=RemoteWebDriver, reportKey=gopinath.nagarajan@internal.53.com_RemoteWebDriver_18-07-25_19_49_23_532, windTunnelReportUrl=https://fifththird.reporting.perfectomobile.com/library?externalId[0]=gopinath.nagarajan@internal.53.com_RemoteWebDriver_18-07-25_19_49_23_532&amp;_timestamp[0]=1532548163833, user=, autoAcceptAlerts=true}]
Session ID: 00132367-e4c7-411d-9f28-d40ecd97cdc7
*** Element info: {Using=xpath, value=AppiumAUT/XCUIElementTypeApplication[1]/XCUIElementTypeWindow[1]/XCUIElementTypeOther[1]/XCUIElementTypeOther[2]/XCUIElementTypeOther[2]/XCUIElementTypeTextField[1]}
For documentation on this error, please visit: http://seleniumhq.org/exceptions/no_such_element.html
Build info: version: &apos;2.53.1&apos;, revision: &apos;a36b8b1cd5757287168e54b817830adce9b0158d&apos;, time: &apos;2016-06-30 19:26:09&apos;
System info: host: &apos;Bingo&apos;, ip: &apos;192.168.1.4&apos;, os.name: &apos;Mac OS X&apos;, os.arch: &apos;x86_64&apos;, os.version: &apos;10.13.6&apos;, java.version: &apos;1.8.0_60&apos;
Driver info: driver.version: IOSDriver
	at sun.reflect.NativeConstructorAccessorImpl.newInstance0(Native Method)
	at sun.reflect.NativeConstructorAccessorImpl.newInstance(NativeConstructorAccessorImpl.java:62)
	at sun.reflect.DelegatingConstructorAccessorImpl.newInstance(DelegatingConstructorAccessorImpl.java:45)
	at java.lang.reflect.Constructor.newInstance(Constructor.java:423)
	at org.openqa.selenium.remote.ErrorHandler.createThrowable(ErrorHandler.java:214)
	at org.openqa.selenium.remote.ErrorHandler.throwIfResponseFailed(ErrorHandler.java:166)
	at org.openqa.selenium.remote.http.JsonHttpResponseCodec.reconstructValue(JsonHttpResponseCodec.java:40)
	at org.openqa.selenium.remote.http.AbstractHttpResponseCodec.decode(AbstractHttpResponseCodec.java:82)
	at org.openqa.selenium.remote.http.AbstractHttpResponseCodec.decode(AbstractHttpResponseCodec.java:45)
	at org.openqa.selenium.remote.HttpCommandExecutor.execute(HttpCommandExecutor.java:164)
	at io.appium.java_client.remote.AppiumCommandExecutor.execute(AppiumCommandExecutor.java:89)
	at org.openqa.selenium.remote.RemoteWebDriver.execute(RemoteWebDriver.java:586)
	at io.appium.java_client.DefaultGenericMobileDriver.execute(DefaultGenericMobileDriver.java:42)
	at io.appium.java_client.AppiumDriver.execute(AppiumDriver.java:1)
	at io.appium.java_client.ios.IOSDriver.execute(IOSDriver.java:1)
	at org.openqa.selenium.remote.RemoteWebDriver.findElement(RemoteWebDriver.java:356)
	at io.appium.java_client.DefaultGenericMobileDriver.findElement(DefaultGenericMobileDriver.java:62)
	at io.appium.java_client.AppiumDriver.findElement(AppiumDriver.java:1)
	at io.appium.java_client.ios.IOSDriver.findElement(IOSDriver.java:1)
	at org.openqa.selenium.remote.RemoteWebDriver.findElementByXPath(RemoteWebDriver.java:458)
	at io.appium.java_client.DefaultGenericMobileDriver.findElementByXPath(DefaultGenericMobileDriver.java:140)
	at io.appium.java_client.AppiumDriver.findElementByXPath(AppiumDriver.java:1)
	at io.appium.java_client.ios.IOSDriver.findElementByXPath(IOSDriver.java:1)
	at org.openqa.selenium.By$ByXPath.findElement(By.java:361)
	at org.openqa.selenium.remote.RemoteWebDriver.findElement(RemoteWebDriver.java:348)
	at io.appium.java_client.DefaultGenericMobileDriver.findElement(DefaultGenericMobileDriver.java:58)
	at io.appium.java_client.AppiumDriver.findElement(AppiumDriver.java:1)
	at io.appium.java_client.ios.IOSDriver.findElement(IOSDriver.java:1)
	at com.perfectomobile.selenium.server.appium.AppiumDriverWrapper$24.call(AppiumDriverWrapper.java:635)
	at com.nexperience.function.execute.ExecuteCallableCommand.process(ExecuteCallableCommand.java:30)
	at com.nexperience.engine.script.command.AbstractScriptCommand.doExecute(AbstractScriptCommand.java:173)
	at com.nexperience.engine.script.command.ScriptCommandBase.execute(ScriptCommandBase.java:107)
	at com.nexperience.engine.script.tcl.event.CommandTclEvent.processEvent(CommandTclEvent.java:43)
	at com.nexperience.engine.script.tcl.event.MaseTclEvent.processEvent(MaseTclEvent.java:56)
	at tcl.lang.Notifier.serviceEvent(Notifier.java:457)
	at tcl.lang.Notifier.doOneEvent(Notifier.java:610)
	at tcl.lang.Notifier.processTclEvents(Notifier.java:786)
	at com.nexperience.engine.script.tcl.event.TclEventProcessor.start(TclEventProcessor.java:78)
	at com.nexperience.engine.script.tcl.TclInterpreter.startEventProcessing(TclInterpreter.java:550)
	at com.nexperience.engine.script.execution.step.StepExecutionEventProcessor.callImpl(StepExecutionEventProcessor.java:85)
	at com.nexperience.engine.script.execution.step.StepExecutionEventProcessor.callImpl(StepExecutionEventProcessor.java:21)
	at com.nexperience.util.thread.WrappedCallable.call(WrappedCallable.java:31)
	at java.util.concurrent.FutureTask.run(FutureTask.java:266)
	at java.util.concurrent.ThreadPoolExecutor.runWorker(ThreadPoolExecutor.java:1142)
	at java.util.concurrent.ThreadPoolExecutor$Worker.run(ThreadPoolExecutor.java:617)
	at java.lang.Thread.run(Thread.java:748)
</pre></div></td>
<td>27</td>
<td>com.quantum.steps.mobileTesting@6f96c77</td></tr>
</table><p>
<table width='100%' border='1' class='invocation-passed'>
<tr><td colspan='4' align='center'><b>PASSED TESTS</b></td></tr>
<tr><td><b>Test method</b></td>
<td width="30%"><b>Exception</b></td>
<td width="10%"><b>Time (seconds)</b></td>
<td><b>Instance</b></td>
</tr>
<tr>
<td title='com.quantum.steps.mobileTesting.OpenAPP()'><b>OpenAPP</b><br>Test class: com.quantum.steps.mobileTesting<br/>
<a href="#Output-503597387" onClick='toggleBox("Output-503597387", this, "Show output", "Hide output");'>Show output</a>

<a href="#Output-503597387" onClick="toggleAllBoxes();">Show all outputs</a>
<div class='log' id="Output-503597387">
█▀▀▀▀▀▀▀▀▀▀▀▀▀▀▀▀▀▀▀▀▀▀▀█<br/>
█ TEST STARTED: OpenAPP █<br/>
█▄▄▄▄▄▄▄▄▄▄▄▄▄▄▄▄▄▄▄▄▄▄▄█<br/>
<div style="display:block;margin-left:10px;"></div><br/>
▀▄▀▄▀ REPORTIUM URL: N/A - local logger ▀▄▀▄▀<br/>
█▀▀▀▀▀▀▀▀▀▀▀▀▀▀▀▀▀▀▀▀▀▀█<br/>
█ TEST PASSED: OpenAPP █<br/>
█▄▄▄▄▄▄▄▄▄▄▄▄▄▄▄▄▄▄▄▄▄▄█<br/>
</div>
</td>
<td></td>
<td>6</td>
<td>com.quantum.steps.mobileTesting@6f96c77</td></tr>
</table><p>
</body>
</html>