<?xml version="1.0" encoding="UTF-8"?>
<!-- Generated by org.testng.reporters.JUnitXMLReporter -->
<testsuite hostname="Bingo" ignored="0" name="IOS 53 Test" tests="2" failures="1" timestamp="25 Jul 2018 19:50:32 GMT" time="68.34" errors="0">
  <testcase name="OpenAPP" time="6.05" classname="com.quantum.steps.mobileTesting"/>
  <testcase name="enterUsernamePassword" time="27.942" classname="com.quantum.steps.mobileTesting">
    <failure type="org.openqa.selenium.NoSuchElementException" message="An element could not be located on the page using the given search parameters. (WARNING: The server did not provide any stacktrace information)
Command duration or timeout: 0 milliseconds
For documentation on this error, please visit: http://seleniumhq.org/exceptions/no_such_element.html
Build info: version: &amp;apos;3.6.0&amp;apos;, revision: &amp;apos;6fbf3ec767&amp;apos;, time: &amp;apos;2017-09-27T15:28:36.4Z&amp;apos;
System info: host: &amp;apos;ba1ffa30e57b&amp;apos;, ip: &amp;apos;172.18.0.4&amp;apos;, os.name: &amp;apos;Linux&amp;apos;, os.arch: &amp;apos;amd64&amp;apos;, os.version: &amp;apos;4.4.0-47-generic&amp;apos;, java.version: &amp;apos;1.8.0_131&amp;apos;
Driver info: io.appium.java_client.ios.IOSDriver
Capabilities [{reportPdfUrl=https://fifththird.reporting.perfectomobile.com/export/api/v1/test-executions/pdf?externalId[0]=gopinath.nagarajan@internal.53.com_RemoteWebDriver_18-07-25_19_49_23_532&amp;amp;_timestamp[0]=1532548163833, simpleIsVisibleCheck=true, deviceName=83D734028F02149434056CD13BAEF00CD0BDA5A4, platform=MAC, password=, deviceSessionId=gopinath.nagarajan@internal.53.com_RemoteWebDriver_18-07-25_19_49_23_532, platformVersion=11.4, webStorageEnabled=false, host=fifththird.perfectomobile.com, singleTestReportUrl=https://fifththird.reporting.perfectomobile.com/library?externalId[0]=gopinath.nagarajan@internal.53.com_RemoteWebDriver_18-07-25_19_49_23_532&amp;amp;_timestamp[0]=1532548163833, browserName=, takesScreenshot=true, javascriptEnabled=true, model=iPhone-8 Plus, platformName=MAC, networkConnectionEnabled=false, testGridReportUrl=https://fifththird.reporting.perfectomobile.com/library?externalId[0]=gopinath.nagarajan@internal.53.com_RemoteWebDriver_18-07-25_19_49_23_532&amp;amp;_timestamp[0]=1532548163833, entityType=remote_web_driver, xcuitestFindOptimizations=true, bundleId=com.apple.mobilesafari, databaseEnabled=false, serverConnector=, serverHost=1.5.43.23:11603, securityToken=, executionId=gopinath.nagarajan@internal.53.com_RemoteWebDriver_18-07-25_19_49_23_532, locationContextEnabled=false, scriptName=RemoteWebDriver, reportKey=gopinath.nagarajan@internal.53.com_RemoteWebDriver_18-07-25_19_49_23_532, windTunnelReportUrl=https://fifththird.reporting.perfectomobile.com/library?externalId[0]=gopinath.nagarajan@internal.53.com_RemoteWebDriver_18-07-25_19_49_23_532&amp;amp;_timestamp[0]=1532548163833, user=, autoAcceptAlerts=true}]
Session ID: 00132367-e4c7-411d-9f28-d40ecd97cdc7
*** Element info: {Using=xpath, value=AppiumAUT/XCUIElementTypeApplication[1]/XCUIElementTypeWindow[1]/XCUIElementTypeOther[1]/XCUIElementTypeOther[2]/XCUIElementTypeOther[2]/XCUIElementTypeTextField[1]}
Command duration or timeout: 15.93 seconds
For documentation on this error, please visit: http://seleniumhq.org/exceptions/no_such_element.html
Build info: version: &amp;apos;2.53.1&amp;apos;, revision: &amp;apos;a36b8b1cd5757287168e54b817830adce9b0158d&amp;apos;, time: &amp;apos;2016-06-30 19:26:09&amp;apos;
System info: host: &amp;apos;Bingo&amp;apos;, ip: &amp;apos;192.168.1.4&amp;apos;, os.name: &amp;apos;Mac OS X&amp;apos;, os.arch: &amp;apos;x86_64&amp;apos;, os.version: &amp;apos;10.13.6&amp;apos;, java.version: &amp;apos;1.8.0_60&amp;apos;
Driver info: io.appium.java_client.ios.IOSDriver
Capabilities [{reportPdfUrl=https://fifththird.reporting.perfectomobile.com/export/api/v1/test-executions/pdf?externalId[0]=gopinath.nagarajan@internal.53.com_RemoteWebDriver_18-07-25_19_49_23_532&amp;amp;_timestamp[0]=1532548163833, simpleIsVisibleCheck=true, deviceName=83D734028F02149434056CD13BAEF00CD0BDA5A4, platform=ANY, password=, deviceSessionId=gopinath.nagarajan@internal.53.com_RemoteWebDriver_18-07-25_19_49_23_532, platformVersion=11.4, host=fifththird.perfectomobile.com, singleTestReportUrl=https://fifththird.reporting.perfectomobile.com/library?externalId[0]=gopinath.nagarajan@internal.53.com_RemoteWebDriver_18-07-25_19_49_23_532&amp;amp;_timestamp[0]=1532548163833, takesScreenshot=true, model=iPhone-8 Plus, javascriptEnabled=true, platformName=iOS, rotatable=true, testGridReportUrl=https://fifththird.reporting.perfectomobile.com/library?externalId[0]=gopinath.nagarajan@internal.53.com_RemoteWebDriver_18-07-25_19_49_23_532&amp;amp;_timestamp[0]=1532548163833, entityType=remote_web_driver, xcuitestFindOptimizations=true, bundleId=com.apple.mobilesafari, serverConnector=, serverHost=1.5.43.23:11603, securityToken=, executionId=gopinath.nagarajan@internal.53.com_RemoteWebDriver_18-07-25_19_49_23_532, webdriver.remote.sessionid=22775934-c18a-40a9-8b04-a1c6ad77f6f1, locationContextEnabled=true, scriptName=RemoteWebDriver, reportKey=gopinath.nagarajan@internal.53.com_RemoteWebDriver_18-07-25_19_49_23_532, windTunnelReportUrl=https://fifththird.reporting.perfectomobile.com/library?externalId[0]=gopinath.nagarajan@internal.53.com_RemoteWebDriver_18-07-25_19_49_23_532&amp;amp;_timestamp[0]=1532548163833, user=, cssSelectorsEnabled=true, autoAcceptAlerts=true}]
Session ID: 22775934-c18a-40a9-8b04-a1c6ad77f6f1
*** Element info: {Using=xpath, value=AppiumAUT/XCUIElementTypeApplication[1]/XCUIElementTypeWindow[1]/XCUIElementTypeOther[1]/XCUIElementTypeOther[2]/XCUIElementTypeOther[2]/XCUIElementTypeTextField[1]}">
      <![CDATA[org.openqa.selenium.NoSuchElementException: An element could not be located on the page using the given search parameters. (WARNING: The server did not provide any stacktrace information)
Command duration or timeout: 0 milliseconds
For documentation on this error, please visit: http://seleniumhq.org/exceptions/no_such_element.html
Build info: version: '3.6.0', revision: '6fbf3ec767', time: '2017-09-27T15:28:36.4Z'
System info: host: 'ba1ffa30e57b', ip: '172.18.0.4', os.name: 'Linux', os.arch: 'amd64', os.version: '4.4.0-47-generic', java.version: '1.8.0_131'
Driver info: io.appium.java_client.ios.IOSDriver
Capabilities [{reportPdfUrl=https://fifththird.reporting.perfectomobile.com/export/api/v1/test-executions/pdf?externalId[0]=gopinath.nagarajan@internal.53.com_RemoteWebDriver_18-07-25_19_49_23_532&_timestamp[0]=1532548163833, simpleIsVisibleCheck=true, deviceName=83D734028F02149434056CD13BAEF00CD0BDA5A4, platform=MAC, password=, deviceSessionId=gopinath.nagarajan@internal.53.com_RemoteWebDriver_18-07-25_19_49_23_532, platformVersion=11.4, webStorageEnabled=false, host=fifththird.perfectomobile.com, singleTestReportUrl=https://fifththird.reporting.perfectomobile.com/library?externalId[0]=gopinath.nagarajan@internal.53.com_RemoteWebDriver_18-07-25_19_49_23_532&_timestamp[0]=1532548163833, browserName=, takesScreenshot=true, javascriptEnabled=true, model=iPhone-8 Plus, platformName=MAC, networkConnectionEnabled=false, testGridReportUrl=https://fifththird.reporting.perfectomobile.com/library?externalId[0]=gopinath.nagarajan@internal.53.com_RemoteWebDriver_18-07-25_19_49_23_532&_timestamp[0]=1532548163833, entityType=remote_web_driver, xcuitestFindOptimizations=true, bundleId=com.apple.mobilesafari, databaseEnabled=false, serverConnector=, serverHost=1.5.43.23:11603, securityToken=, executionId=gopinath.nagarajan@internal.53.com_RemoteWebDriver_18-07-25_19_49_23_532, locationContextEnabled=false, scriptName=RemoteWebDriver, reportKey=gopinath.nagarajan@internal.53.com_RemoteWebDriver_18-07-25_19_49_23_532, windTunnelReportUrl=https://fifththird.reporting.perfectomobile.com/library?externalId[0]=gopinath.nagarajan@internal.53.com_RemoteWebDriver_18-07-25_19_49_23_532&_timestamp[0]=1532548163833, user=, autoAcceptAlerts=true}]
Session ID: 00132367-e4c7-411d-9f28-d40ecd97cdc7
*** Element info: {Using=xpath, value=AppiumAUT/XCUIElementTypeApplication[1]/XCUIElementTypeWindow[1]/XCUIElementTypeOther[1]/XCUIElementTypeOther[2]/XCUIElementTypeOther[2]/XCUIElementTypeTextField[1]}
Command duration or timeout: 15.93 seconds
For documentation on this error, please visit: http://seleniumhq.org/exceptions/no_such_element.html
Build info: version: '2.53.1', revision: 'a36b8b1cd5757287168e54b817830adce9b0158d', time: '2016-06-30 19:26:09'
System info: host: 'Bingo', ip: '192.168.1.4', os.name: 'Mac OS X', os.arch: 'x86_64', os.version: '10.13.6', java.version: '1.8.0_60'
Driver info: io.appium.java_client.ios.IOSDriver
Capabilities [{reportPdfUrl=https://fifththird.reporting.perfectomobile.com/export/api/v1/test-executions/pdf?externalId[0]=gopinath.nagarajan@internal.53.com_RemoteWebDriver_18-07-25_19_49_23_532&_timestamp[0]=1532548163833, simpleIsVisibleCheck=true, deviceName=83D734028F02149434056CD13BAEF00CD0BDA5A4, platform=ANY, password=, deviceSessionId=gopinath.nagarajan@internal.53.com_RemoteWebDriver_18-07-25_19_49_23_532, platformVersion=11.4, host=fifththird.perfectomobile.com, singleTestReportUrl=https://fifththird.reporting.perfectomobile.com/library?externalId[0]=gopinath.nagarajan@internal.53.com_RemoteWebDriver_18-07-25_19_49_23_532&_timestamp[0]=1532548163833, takesScreenshot=true, model=iPhone-8 Plus, javascriptEnabled=true, platformName=iOS, rotatable=true, testGridReportUrl=https://fifththird.reporting.perfectomobile.com/library?externalId[0]=gopinath.nagarajan@internal.53.com_RemoteWebDriver_18-07-25_19_49_23_532&_timestamp[0]=1532548163833, entityType=remote_web_driver, xcuitestFindOptimizations=true, bundleId=com.apple.mobilesafari, serverConnector=, serverHost=1.5.43.23:11603, securityToken=, executionId=gopinath.nagarajan@internal.53.com_RemoteWebDriver_18-07-25_19_49_23_532, webdriver.remote.sessionid=22775934-c18a-40a9-8b04-a1c6ad77f6f1, locationContextEnabled=true, scriptName=RemoteWebDriver, reportKey=gopinath.nagarajan@internal.53.com_RemoteWebDriver_18-07-25_19_49_23_532, windTunnelReportUrl=https://fifththird.reporting.perfectomobile.com/library?externalId[0]=gopinath.nagarajan@internal.53.com_RemoteWebDriver_18-07-25_19_49_23_532&_timestamp[0]=1532548163833, user=, cssSelectorsEnabled=true, autoAcceptAlerts=true}]
Session ID: 22775934-c18a-40a9-8b04-a1c6ad77f6f1
*** Element info: {Using=xpath, value=AppiumAUT/XCUIElementTypeApplication[1]/XCUIElementTypeWindow[1]/XCUIElementTypeOther[1]/XCUIElementTypeOther[2]/XCUIElementTypeOther[2]/XCUIElementTypeTextField[1]}
	at org.openqa.selenium.remote.ErrorHandler.createThrowable(ErrorHandler.java:206)
	at org.openqa.selenium.remote.ErrorHandler.throwIfResponseFailed(ErrorHandler.java:158)
	at org.openqa.selenium.remote.RemoteWebDriver.execute(RemoteWebDriver.java:678)
	at io.appium.java_client.DefaultGenericMobileDriver.execute(DefaultGenericMobileDriver.java:40)
	at io.appium.java_client.AppiumDriver.execute(AppiumDriver.java:1)
	at io.appium.java_client.ios.IOSDriver.execute(IOSDriver.java:1)
	at org.openqa.selenium.remote.RemoteWebDriver.findElement(RemoteWebDriver.java:363)
	at io.appium.java_client.DefaultGenericMobileDriver.findElement(DefaultGenericMobileDriver.java:56)
	at io.appium.java_client.AppiumDriver.findElement(AppiumDriver.java:1)
	at io.appium.java_client.ios.IOSDriver.findElement(IOSDriver.java:1)
	at org.openqa.selenium.remote.RemoteWebDriver.findElementByXPath(RemoteWebDriver.java:500)
	at io.appium.java_client.DefaultGenericMobileDriver.findElementByXPath(DefaultGenericMobileDriver.java:134)
	at io.appium.java_client.AppiumDriver.findElementByXPath(AppiumDriver.java:1)
	at io.appium.java_client.ios.IOSDriver.findElementByXPath(IOSDriver.java:1)
	at org.openqa.selenium.By$ByXPath.findElement(By.java:361)
	at org.openqa.selenium.remote.RemoteWebDriver.findElement(RemoteWebDriver.java:355)
	at io.appium.java_client.DefaultGenericMobileDriver.findElement(DefaultGenericMobileDriver.java:52)
	at io.appium.java_client.AppiumDriver.findElement(AppiumDriver.java:1)
	at io.appium.java_client.ios.IOSDriver.findElement(IOSDriver.java:1)
	at com.quantum.steps.mobileTesting.enterUsernamePassword(mobileTesting.java:68)
	at java.util.concurrent.FutureTask.run(FutureTask.java:266)
	at java.util.concurrent.ThreadPoolExecutor.runWorker(ThreadPoolExecutor.java:1142)
	at java.util.concurrent.ThreadPoolExecutor$Worker.run(ThreadPoolExecutor.java:617)
	at java.lang.Thread.run(Thread.java:745)
Caused by: org.openqa.selenium.NoSuchElementException: An element could not be located on the page using the given search parameters. (WARNING: The server did not provide any stacktrace information)
Command duration or timeout: 0 milliseconds
For documentation on this error, please visit: http://seleniumhq.org/exceptions/no_such_element.html
Build info: version: '3.6.0', revision: '6fbf3ec767', time: '2017-09-27T15:28:36.4Z'
System info: host: 'ba1ffa30e57b', ip: '172.18.0.4', os.name: 'Linux', os.arch: 'amd64', os.version: '4.4.0-47-generic', java.version: '1.8.0_131'
Driver info: io.appium.java_client.ios.IOSDriver
Capabilities [{reportPdfUrl=https://fifththird.reporting.perfectomobile.com/export/api/v1/test-executions/pdf?externalId[0]=gopinath.nagarajan@internal.53.com_RemoteWebDriver_18-07-25_19_49_23_532&_timestamp[0]=1532548163833, simpleIsVisibleCheck=true, deviceName=83D734028F02149434056CD13BAEF00CD0BDA5A4, platform=MAC, password=, deviceSessionId=gopinath.nagarajan@internal.53.com_RemoteWebDriver_18-07-25_19_49_23_532, platformVersion=11.4, webStorageEnabled=false, host=fifththird.perfectomobile.com, singleTestReportUrl=https://fifththird.reporting.perfectomobile.com/library?externalId[0]=gopinath.nagarajan@internal.53.com_RemoteWebDriver_18-07-25_19_49_23_532&_timestamp[0]=1532548163833, browserName=, takesScreenshot=true, javascriptEnabled=true, model=iPhone-8 Plus, platformName=MAC, networkConnectionEnabled=false, testGridReportUrl=https://fifththird.reporting.perfectomobile.com/library?externalId[0]=gopinath.nagarajan@internal.53.com_RemoteWebDriver_18-07-25_19_49_23_532&_timestamp[0]=1532548163833, entityType=remote_web_driver, xcuitestFindOptimizations=true, bundleId=com.apple.mobilesafari, databaseEnabled=false, serverConnector=, serverHost=1.5.43.23:11603, securityToken=, executionId=gopinath.nagarajan@internal.53.com_RemoteWebDriver_18-07-25_19_49_23_532, locationContextEnabled=false, scriptName=RemoteWebDriver, reportKey=gopinath.nagarajan@internal.53.com_RemoteWebDriver_18-07-25_19_49_23_532, windTunnelReportUrl=https://fifththird.reporting.perfectomobile.com/library?externalId[0]=gopinath.nagarajan@internal.53.com_RemoteWebDriver_18-07-25_19_49_23_532&_timestamp[0]=1532548163833, user=, autoAcceptAlerts=true}]
Session ID: 00132367-e4c7-411d-9f28-d40ecd97cdc7
*** Element info: {Using=xpath, value=AppiumAUT/XCUIElementTypeApplication[1]/XCUIElementTypeWindow[1]/XCUIElementTypeOther[1]/XCUIElementTypeOther[2]/XCUIElementTypeOther[2]/XCUIElementTypeTextField[1]}
For documentation on this error, please visit: http://seleniumhq.org/exceptions/no_such_element.html
Build info: version: '2.53.1', revision: 'a36b8b1cd5757287168e54b817830adce9b0158d', time: '2016-06-30 19:26:09'
System info: host: 'Bingo', ip: '192.168.1.4', os.name: 'Mac OS X', os.arch: 'x86_64', os.version: '10.13.6', java.version: '1.8.0_60'
Driver info: driver.version: IOSDriver
	at org.openqa.selenium.remote.ErrorHandler.createThrowable(ErrorHandler.java:214)
	at org.openqa.selenium.remote.ErrorHandler.throwIfResponseFailed(ErrorHandler.java:166)
	at org.openqa.selenium.remote.http.JsonHttpResponseCodec.reconstructValue(JsonHttpResponseCodec.java:40)
	at org.openqa.selenium.remote.http.AbstractHttpResponseCodec.decode(AbstractHttpResponseCodec.java:82)
	at org.openqa.selenium.remote.http.AbstractHttpResponseCodec.decode(AbstractHttpResponseCodec.java:45)
	at org.openqa.selenium.remote.HttpCommandExecutor.execute(HttpCommandExecutor.java:164)
	at io.appium.java_client.remote.AppiumCommandExecutor.execute(AppiumCommandExecutor.java:89)
	at org.openqa.selenium.remote.RemoteWebDriver.execute(RemoteWebDriver.java:586)
	at io.appium.java_client.DefaultGenericMobileDriver.execute(DefaultGenericMobileDriver.java:42)
	at io.appium.java_client.AppiumDriver.execute(AppiumDriver.java:1)
	at io.appium.java_client.ios.IOSDriver.execute(IOSDriver.java:1)
	at org.openqa.selenium.remote.RemoteWebDriver.findElement(RemoteWebDriver.java:356)
	at io.appium.java_client.DefaultGenericMobileDriver.findElement(DefaultGenericMobileDriver.java:62)
	at io.appium.java_client.AppiumDriver.findElement(AppiumDriver.java:1)
	at io.appium.java_client.ios.IOSDriver.findElement(IOSDriver.java:1)
	at org.openqa.selenium.remote.RemoteWebDriver.findElementByXPath(RemoteWebDriver.java:458)
	at io.appium.java_client.DefaultGenericMobileDriver.findElementByXPath(DefaultGenericMobileDriver.java:140)
	at io.appium.java_client.AppiumDriver.findElementByXPath(AppiumDriver.java:1)
	at io.appium.java_client.ios.IOSDriver.findElementByXPath(IOSDriver.java:1)
	at org.openqa.selenium.By$ByXPath.findElement(By.java:361)
	at org.openqa.selenium.remote.RemoteWebDriver.findElement(RemoteWebDriver.java:348)
	at io.appium.java_client.DefaultGenericMobileDriver.findElement(DefaultGenericMobileDriver.java:58)
	at io.appium.java_client.AppiumDriver.findElement(AppiumDriver.java:1)
	at io.appium.java_client.ios.IOSDriver.findElement(IOSDriver.java:1)
	at com.perfectomobile.selenium.server.appium.AppiumDriverWrapper$24.call(AppiumDriverWrapper.java:635)
	at com.nexperience.function.execute.ExecuteCallableCommand.process(ExecuteCallableCommand.java:30)
	at com.nexperience.engine.script.command.AbstractScriptCommand.doExecute(AbstractScriptCommand.java:173)
	at com.nexperience.engine.script.command.ScriptCommandBase.execute(ScriptCommandBase.java:107)
	at com.nexperience.engine.script.tcl.event.CommandTclEvent.processEvent(CommandTclEvent.java:43)
	at com.nexperience.engine.script.tcl.event.MaseTclEvent.processEvent(MaseTclEvent.java:56)
	at tcl.lang.Notifier.serviceEvent(Notifier.java:457)
	at tcl.lang.Notifier.doOneEvent(Notifier.java:610)
	at tcl.lang.Notifier.processTclEvents(Notifier.java:786)
	at com.nexperience.engine.script.tcl.event.TclEventProcessor.start(TclEventProcessor.java:78)
	at com.nexperience.engine.script.tcl.TclInterpreter.startEventProcessing(TclInterpreter.java:550)
	at com.nexperience.engine.script.execution.step.StepExecutionEventProcessor.callImpl(StepExecutionEventProcessor.java:85)
	at com.nexperience.engine.script.execution.step.StepExecutionEventProcessor.callImpl(StepExecutionEventProcessor.java:21)
	at com.nexperience.util.thread.WrappedCallable.call(WrappedCallable.java:31)
	at java.util.concurrent.FutureTask.run(FutureTask.java:266)
	at java.util.concurrent.ThreadPoolExecutor.runWorker(ThreadPoolExecutor.java:1142)
	at java.util.concurrent.ThreadPoolExecutor$Worker.run(ThreadPoolExecutor.java:617)
	at java.lang.Thread.run(Thread.java:748)
... Removed 24 stack frames]]>
    </failure>
  </testcase> <!-- enterUsernamePassword -->
</testsuite> <!-- IOS 53 Test -->
